2015/04/29 18:16:43 [error] [php] date(): It is not safe to rely on the system's timezone settings. You are *required* to use the date.timezone setting or the date_default_timezone_set() function. In case you used any of those methods and you are still getting this warning, you most likely misspelled the timezone identifier. We selected the timezone 'UTC' for now, but please set date.timezone to select your timezone. (/Users/Dmitry/Sites/blog/protected/views/layouts/main.php:51)
Stack trace:
#0 /Users/Dmitry/Sites/yii/framework/web/CBaseController.php(95): SiteController->renderInternal()
#1 /Users/Dmitry/Sites/yii/framework/web/widgets/CContentDecorator.php(76): SiteController->renderFile()
#2 /Users/Dmitry/Sites/yii/framework/web/widgets/CContentDecorator.php(54): CContentDecorator->decorate()
#3 /Users/Dmitry/Sites/yii/framework/web/widgets/COutputProcessor.php(44): CContentDecorator->processOutput()
#4 /Users/Dmitry/Sites/yii/framework/web/CBaseController.php(214): CContentDecorator->run()
#5 /Users/Dmitry/Sites/yii/framework/web/CBaseController.php(308): SiteController->endWidget()
#6 /Users/Dmitry/Sites/blog/protected/views/layouts/column1.php(6): SiteController->endContent()
#7 /Users/Dmitry/Sites/yii/framework/web/CBaseController.php(126): require()
#8 /Users/Dmitry/Sites/yii/framework/web/CBaseController.php(95): SiteController->renderInternal()
#9 /Users/Dmitry/Sites/yii/framework/web/CController.php(784): SiteController->renderFile()
#10 /Users/Dmitry/Sites/blog/protected/controllers/SiteController.php(32): SiteController->render()
#11 /Users/Dmitry/Sites/yii/framework/web/actions/CInlineAction.php(49): SiteController->actionIndex()
#12 /Users/Dmitry/Sites/yii/framework/web/CController.php(308): CInlineAction->runWithParams()
#13 /Users/Dmitry/Sites/yii/framework/web/CController.php(286): SiteController->runAction()
#14 /Users/Dmitry/Sites/yii/framework/web/CController.php(265): SiteController->runActionWithFilters()
#15 /Users/Dmitry/Sites/yii/framework/web/CWebApplication.php(282): SiteController->run()
#16 /Users/Dmitry/Sites/yii/framework/web/CWebApplication.php(141): CWebApplication->runController()
#17 /Users/Dmitry/Sites/yii/framework/base/CApplication.php(184): CWebApplication->processRequest()
#18 /Users/Dmitry/Sites/blog/index.php(13): CWebApplication->run()
REQUEST_URI=/blog/index.php
in /Users/Dmitry/Sites/blog/protected/views/layouts/main.php (51)
in /Users/Dmitry/Sites/blog/protected/views/layouts/column1.php (6)
in /Users/Dmitry/Sites/blog/protected/controllers/SiteController.php (32)
2015/04/29 18:16:49 [error] [php] date(): It is not safe to rely on the system's timezone settings. You are *required* to use the date.timezone setting or the date_default_timezone_set() function. In case you used any of those methods and you are still getting this warning, you most likely misspelled the timezone identifier. We selected the timezone 'UTC' for now, but please set date.timezone to select your timezone. (/Users/Dmitry/Sites/blog/protected/views/layouts/main.php:51)
Stack trace:
#0 /Users/Dmitry/Sites/yii/framework/web/CBaseController.php(95): SiteController->renderInternal()
#1 /Users/Dmitry/Sites/yii/framework/web/widgets/CContentDecorator.php(76): SiteController->renderFile()
#2 /Users/Dmitry/Sites/yii/framework/web/widgets/CContentDecorator.php(54): CContentDecorator->decorate()
#3 /Users/Dmitry/Sites/yii/framework/web/widgets/COutputProcessor.php(44): CContentDecorator->processOutput()
#4 /Users/Dmitry/Sites/yii/framework/web/CBaseController.php(214): CContentDecorator->run()
#5 /Users/Dmitry/Sites/yii/framework/web/CBaseController.php(308): SiteController->endWidget()
#6 /Users/Dmitry/Sites/blog/protected/views/layouts/column1.php(6): SiteController->endContent()
#7 /Users/Dmitry/Sites/yii/framework/web/CBaseController.php(126): require()
#8 /Users/Dmitry/Sites/yii/framework/web/CBaseController.php(95): SiteController->renderInternal()
#9 /Users/Dmitry/Sites/yii/framework/web/CController.php(784): SiteController->renderFile()
#10 /Users/Dmitry/Sites/yii/framework/web/actions/CViewAction.php(140): SiteController->render()
#11 /Users/Dmitry/Sites/yii/framework/web/actions/CAction.php(76): CViewAction->run()
#12 /Users/Dmitry/Sites/yii/framework/web/CController.php(308): CViewAction->runWithParams()
#13 /Users/Dmitry/Sites/yii/framework/web/CController.php(286): SiteController->runAction()
#14 /Users/Dmitry/Sites/yii/framework/web/CController.php(265): SiteController->runActionWithFilters()
#15 /Users/Dmitry/Sites/yii/framework/web/CWebApplication.php(282): SiteController->run()
#16 /Users/Dmitry/Sites/yii/framework/web/CWebApplication.php(141): CWebApplication->runController()
#17 /Users/Dmitry/Sites/yii/framework/base/CApplication.php(184): CWebApplication->processRequest()
#18 /Users/Dmitry/Sites/blog/index.php(13): CWebApplication->run()
REQUEST_URI=/blog/index.php?r=site/page&view=about
in /Users/Dmitry/Sites/blog/protected/views/layouts/main.php (51)
in /Users/Dmitry/Sites/blog/protected/views/layouts/column1.php (6)
in /Users/Dmitry/Sites/blog/index.php (13)
2015/04/29 18:16:50 [error] [php] date(): It is not safe to rely on the system's timezone settings. You are *required* to use the date.timezone setting or the date_default_timezone_set() function. In case you used any of those methods and you are still getting this warning, you most likely misspelled the timezone identifier. We selected the timezone 'UTC' for now, but please set date.timezone to select your timezone. (/Users/Dmitry/Sites/blog/protected/views/layouts/main.php:51)
Stack trace:
#0 /Users/Dmitry/Sites/yii/framework/web/CBaseController.php(95): SiteController->renderInternal()
#1 /Users/Dmitry/Sites/yii/framework/web/widgets/CContentDecorator.php(76): SiteController->renderFile()
#2 /Users/Dmitry/Sites/yii/framework/web/widgets/CContentDecorator.php(54): CContentDecorator->decorate()
#3 /Users/Dmitry/Sites/yii/framework/web/widgets/COutputProcessor.php(44): CContentDecorator->processOutput()
#4 /Users/Dmitry/Sites/yii/framework/web/CBaseController.php(214): CContentDecorator->run()
#5 /Users/Dmitry/Sites/yii/framework/web/CBaseController.php(308): SiteController->endWidget()
#6 /Users/Dmitry/Sites/blog/protected/views/layouts/column1.php(6): SiteController->endContent()
#7 /Users/Dmitry/Sites/yii/framework/web/CBaseController.php(126): require()
#8 /Users/Dmitry/Sites/yii/framework/web/CBaseController.php(95): SiteController->renderInternal()
#9 /Users/Dmitry/Sites/yii/framework/web/CController.php(784): SiteController->renderFile()
#10 /Users/Dmitry/Sites/blog/protected/controllers/SiteController.php(72): SiteController->render()
#11 /Users/Dmitry/Sites/yii/framework/web/actions/CInlineAction.php(49): SiteController->actionContact()
#12 /Users/Dmitry/Sites/yii/framework/web/CController.php(308): CInlineAction->runWithParams()
#13 /Users/Dmitry/Sites/yii/framework/web/CController.php(286): SiteController->runAction()
#14 /Users/Dmitry/Sites/yii/framework/web/CController.php(265): SiteController->runActionWithFilters()
#15 /Users/Dmitry/Sites/yii/framework/web/CWebApplication.php(282): SiteController->run()
#16 /Users/Dmitry/Sites/yii/framework/web/CWebApplication.php(141): CWebApplication->runController()
#17 /Users/Dmitry/Sites/yii/framework/base/CApplication.php(184): CWebApplication->processRequest()
#18 /Users/Dmitry/Sites/blog/index.php(13): CWebApplication->run()
REQUEST_URI=/blog/index.php?r=site/contact
in /Users/Dmitry/Sites/blog/protected/views/layouts/main.php (51)
in /Users/Dmitry/Sites/blog/protected/views/layouts/column1.php (6)
in /Users/Dmitry/Sites/blog/protected/controllers/SiteController.php (72)
2015/04/29 18:16:52 [error] [php] date(): It is not safe to rely on the system's timezone settings. You are *required* to use the date.timezone setting or the date_default_timezone_set() function. In case you used any of those methods and you are still getting this warning, you most likely misspelled the timezone identifier. We selected the timezone 'UTC' for now, but please set date.timezone to select your timezone. (/Users/Dmitry/Sites/blog/protected/views/layouts/main.php:51)
Stack trace:
#0 /Users/Dmitry/Sites/yii/framework/web/CBaseController.php(95): SiteController->renderInternal()
#1 /Users/Dmitry/Sites/yii/framework/web/widgets/CContentDecorator.php(76): SiteController->renderFile()
#2 /Users/Dmitry/Sites/yii/framework/web/widgets/CContentDecorator.php(54): CContentDecorator->decorate()
#3 /Users/Dmitry/Sites/yii/framework/web/widgets/COutputProcessor.php(44): CContentDecorator->processOutput()
#4 /Users/Dmitry/Sites/yii/framework/web/CBaseController.php(214): CContentDecorator->run()
#5 /Users/Dmitry/Sites/yii/framework/web/CBaseController.php(308): SiteController->endWidget()
#6 /Users/Dmitry/Sites/blog/protected/views/layouts/column1.php(6): SiteController->endContent()
#7 /Users/Dmitry/Sites/yii/framework/web/CBaseController.php(126): require()
#8 /Users/Dmitry/Sites/yii/framework/web/CBaseController.php(95): SiteController->renderInternal()
#9 /Users/Dmitry/Sites/yii/framework/web/CController.php(784): SiteController->renderFile()
#10 /Users/Dmitry/Sites/blog/protected/controllers/SiteController.php(98): SiteController->render()
#11 /Users/Dmitry/Sites/yii/framework/web/actions/CInlineAction.php(49): SiteController->actionLogin()
#12 /Users/Dmitry/Sites/yii/framework/web/CController.php(308): CInlineAction->runWithParams()
#13 /Users/Dmitry/Sites/yii/framework/web/CController.php(286): SiteController->runAction()
#14 /Users/Dmitry/Sites/yii/framework/web/CController.php(265): SiteController->runActionWithFilters()
#15 /Users/Dmitry/Sites/yii/framework/web/CWebApplication.php(282): SiteController->run()
#16 /Users/Dmitry/Sites/yii/framework/web/CWebApplication.php(141): CWebApplication->runController()
#17 /Users/Dmitry/Sites/yii/framework/base/CApplication.php(184): CWebApplication->processRequest()
#18 /Users/Dmitry/Sites/blog/index.php(13): CWebApplication->run()
REQUEST_URI=/blog/index.php?r=site/login
in /Users/Dmitry/Sites/blog/protected/views/layouts/main.php (51)
in /Users/Dmitry/Sites/blog/protected/views/layouts/column1.php (6)
in /Users/Dmitry/Sites/blog/protected/controllers/SiteController.php (98)
2015/04/29 18:16:53 [error] [php] date(): It is not safe to rely on the system's timezone settings. You are *required* to use the date.timezone setting or the date_default_timezone_set() function. In case you used any of those methods and you are still getting this warning, you most likely misspelled the timezone identifier. We selected the timezone 'UTC' for now, but please set date.timezone to select your timezone. (/Users/Dmitry/Sites/blog/protected/views/layouts/main.php:51)
Stack trace:
#0 /Users/Dmitry/Sites/yii/framework/web/CBaseController.php(95): SiteController->renderInternal()
#1 /Users/Dmitry/Sites/yii/framework/web/widgets/CContentDecorator.php(76): SiteController->renderFile()
#2 /Users/Dmitry/Sites/yii/framework/web/widgets/CContentDecorator.php(54): CContentDecorator->decorate()
#3 /Users/Dmitry/Sites/yii/framework/web/widgets/COutputProcessor.php(44): CContentDecorator->processOutput()
#4 /Users/Dmitry/Sites/yii/framework/web/CBaseController.php(214): CContentDecorator->run()
#5 /Users/Dmitry/Sites/yii/framework/web/CBaseController.php(308): SiteController->endWidget()
#6 /Users/Dmitry/Sites/blog/protected/views/layouts/column1.php(6): SiteController->endContent()
#7 /Users/Dmitry/Sites/yii/framework/web/CBaseController.php(126): require()
#8 /Users/Dmitry/Sites/yii/framework/web/CBaseController.php(95): SiteController->renderInternal()
#9 /Users/Dmitry/Sites/yii/framework/web/CController.php(784): SiteController->renderFile()
#10 /Users/Dmitry/Sites/blog/protected/controllers/SiteController.php(32): SiteController->render()
#11 /Users/Dmitry/Sites/yii/framework/web/actions/CInlineAction.php(49): SiteController->actionIndex()
#12 /Users/Dmitry/Sites/yii/framework/web/CController.php(308): CInlineAction->runWithParams()
#13 /Users/Dmitry/Sites/yii/framework/web/CController.php(286): SiteController->runAction()
#14 /Users/Dmitry/Sites/yii/framework/web/CController.php(265): SiteController->runActionWithFilters()
#15 /Users/Dmitry/Sites/yii/framework/web/CWebApplication.php(282): SiteController->run()
#16 /Users/Dmitry/Sites/yii/framework/web/CWebApplication.php(141): CWebApplication->runController()
#17 /Users/Dmitry/Sites/yii/framework/base/CApplication.php(184): CWebApplication->processRequest()
#18 /Users/Dmitry/Sites/blog/index.php(13): CWebApplication->run()
REQUEST_URI=/blog/index.php?r=site/index
in /Users/Dmitry/Sites/blog/protected/views/layouts/main.php (51)
in /Users/Dmitry/Sites/blog/protected/views/layouts/column1.php (6)
in /Users/Dmitry/Sites/blog/protected/controllers/SiteController.php (32)
2015/04/29 18:19:44 [error] [php] date(): It is not safe to rely on the system's timezone settings. You are *required* to use the date.timezone setting or the date_default_timezone_set() function. In case you used any of those methods and you are still getting this warning, you most likely misspelled the timezone identifier. We selected the timezone 'UTC' for now, but please set date.timezone to select your timezone. (/Users/Dmitry/Sites/blog/protected/views/layouts/main.php:51)
Stack trace:
#0 /Users/Dmitry/Sites/yii/framework/web/CBaseController.php(95): SiteController->renderInternal()
#1 /Users/Dmitry/Sites/yii/framework/web/widgets/CContentDecorator.php(76): SiteController->renderFile()
#2 /Users/Dmitry/Sites/yii/framework/web/widgets/CContentDecorator.php(54): CContentDecorator->decorate()
#3 /Users/Dmitry/Sites/yii/framework/web/widgets/COutputProcessor.php(44): CContentDecorator->processOutput()
#4 /Users/Dmitry/Sites/yii/framework/web/CBaseController.php(214): CContentDecorator->run()
#5 /Users/Dmitry/Sites/yii/framework/web/CBaseController.php(308): SiteController->endWidget()
#6 /Users/Dmitry/Sites/blog/protected/views/layouts/column1.php(6): SiteController->endContent()
#7 /Users/Dmitry/Sites/yii/framework/web/CBaseController.php(126): require()
#8 /Users/Dmitry/Sites/yii/framework/web/CBaseController.php(95): SiteController->renderInternal()
#9 /Users/Dmitry/Sites/yii/framework/web/CController.php(784): SiteController->renderFile()
#10 /Users/Dmitry/Sites/yii/framework/web/actions/CViewAction.php(140): SiteController->render()
#11 /Users/Dmitry/Sites/yii/framework/web/actions/CAction.php(76): CViewAction->run()
#12 /Users/Dmitry/Sites/yii/framework/web/CController.php(308): CViewAction->runWithParams()
#13 /Users/Dmitry/Sites/yii/framework/web/CController.php(286): SiteController->runAction()
#14 /Users/Dmitry/Sites/yii/framework/web/CController.php(265): SiteController->runActionWithFilters()
#15 /Users/Dmitry/Sites/yii/framework/web/CWebApplication.php(282): SiteController->run()
#16 /Users/Dmitry/Sites/yii/framework/web/CWebApplication.php(141): CWebApplication->runController()
#17 /Users/Dmitry/Sites/yii/framework/base/CApplication.php(184): CWebApplication->processRequest()
#18 /Users/Dmitry/Sites/blog/index.php(13): CWebApplication->run()
REQUEST_URI=/blog/index.php?r=site/page&view=about
in /Users/Dmitry/Sites/blog/protected/views/layouts/main.php (51)
in /Users/Dmitry/Sites/blog/protected/views/layouts/column1.php (6)
in /Users/Dmitry/Sites/blog/index.php (13)
2015/04/29 18:36:37 [error] [php] date(): It is not safe to rely on the system's timezone settings. You are *required* to use the date.timezone setting or the date_default_timezone_set() function. In case you used any of those methods and you are still getting this warning, you most likely misspelled the timezone identifier. We selected the timezone 'UTC' for now, but please set date.timezone to select your timezone. (/Users/Dmitry/Sites/blog/protected/views/layouts/main.php:51)
Stack trace:
#0 /Users/Dmitry/Sites/yii/framework/web/CBaseController.php(95): SiteController->renderInternal()
#1 /Users/Dmitry/Sites/yii/framework/web/widgets/CContentDecorator.php(76): SiteController->renderFile()
#2 /Users/Dmitry/Sites/yii/framework/web/widgets/CContentDecorator.php(54): CContentDecorator->decorate()
#3 /Users/Dmitry/Sites/yii/framework/web/widgets/COutputProcessor.php(44): CContentDecorator->processOutput()
#4 /Users/Dmitry/Sites/yii/framework/web/CBaseController.php(214): CContentDecorator->run()
#5 /Users/Dmitry/Sites/yii/framework/web/CBaseController.php(308): SiteController->endWidget()
#6 /Users/Dmitry/Sites/blog/protected/views/layouts/column1.php(6): SiteController->endContent()
#7 /Users/Dmitry/Sites/yii/framework/web/CBaseController.php(126): require()
#8 /Users/Dmitry/Sites/yii/framework/web/CBaseController.php(95): SiteController->renderInternal()
#9 /Users/Dmitry/Sites/yii/framework/web/CController.php(784): SiteController->renderFile()
#10 /Users/Dmitry/Sites/blog/protected/controllers/SiteController.php(32): SiteController->render()
#11 /Users/Dmitry/Sites/yii/framework/web/actions/CInlineAction.php(49): SiteController->actionIndex()
#12 /Users/Dmitry/Sites/yii/framework/web/CController.php(308): CInlineAction->runWithParams()
#13 /Users/Dmitry/Sites/yii/framework/web/CController.php(286): SiteController->runAction()
#14 /Users/Dmitry/Sites/yii/framework/web/CController.php(265): SiteController->runActionWithFilters()
#15 /Users/Dmitry/Sites/yii/framework/web/CWebApplication.php(282): SiteController->run()
#16 /Users/Dmitry/Sites/yii/framework/web/CWebApplication.php(141): CWebApplication->runController()
#17 /Users/Dmitry/Sites/yii/framework/base/CApplication.php(184): CWebApplication->processRequest()
#18 /Users/Dmitry/Sites/blog/index.php(13): CWebApplication->run()
REQUEST_URI=/blog/
in /Users/Dmitry/Sites/blog/protected/views/layouts/main.php (51)
in /Users/Dmitry/Sites/blog/protected/views/layouts/column1.php (6)
in /Users/Dmitry/Sites/blog/protected/controllers/SiteController.php (32)
2015/04/29 18:39:00 [error] [php] date(): It is not safe to rely on the system's timezone settings. You are *required* to use the date.timezone setting or the date_default_timezone_set() function. In case you used any of those methods and you are still getting this warning, you most likely misspelled the timezone identifier. We selected the timezone 'UTC' for now, but please set date.timezone to select your timezone. (/Users/Dmitry/Sites/blog/protected/views/layouts/main.php:51)
Stack trace:
#0 /Users/Dmitry/Sites/yii/framework/web/CBaseController.php(95): SiteController->renderInternal()
#1 /Users/Dmitry/Sites/yii/framework/web/widgets/CContentDecorator.php(76): SiteController->renderFile()
#2 /Users/Dmitry/Sites/yii/framework/web/widgets/CContentDecorator.php(54): CContentDecorator->decorate()
#3 /Users/Dmitry/Sites/yii/framework/web/widgets/COutputProcessor.php(44): CContentDecorator->processOutput()
#4 /Users/Dmitry/Sites/yii/framework/web/CBaseController.php(214): CContentDecorator->run()
#5 /Users/Dmitry/Sites/yii/framework/web/CBaseController.php(308): SiteController->endWidget()
#6 /Users/Dmitry/Sites/blog/protected/views/layouts/column1.php(6): SiteController->endContent()
#7 /Users/Dmitry/Sites/yii/framework/web/CBaseController.php(126): require()
#8 /Users/Dmitry/Sites/yii/framework/web/CBaseController.php(95): SiteController->renderInternal()
#9 /Users/Dmitry/Sites/yii/framework/web/CController.php(784): SiteController->renderFile()
#10 /Users/Dmitry/Sites/blog/protected/controllers/SiteController.php(72): SiteController->render()
#11 /Users/Dmitry/Sites/yii/framework/web/actions/CInlineAction.php(49): SiteController->actionContact()
#12 /Users/Dmitry/Sites/yii/framework/web/CController.php(308): CInlineAction->runWithParams()
#13 /Users/Dmitry/Sites/yii/framework/web/CController.php(286): SiteController->runAction()
#14 /Users/Dmitry/Sites/yii/framework/web/CController.php(265): SiteController->runActionWithFilters()
#15 /Users/Dmitry/Sites/yii/framework/web/CWebApplication.php(282): SiteController->run()
#16 /Users/Dmitry/Sites/yii/framework/web/CWebApplication.php(141): CWebApplication->runController()
#17 /Users/Dmitry/Sites/yii/framework/base/CApplication.php(184): CWebApplication->processRequest()
#18 /Users/Dmitry/Sites/blog/index.php(13): CWebApplication->run()
REQUEST_URI=/blog/index.php?r=site/contact
in /Users/Dmitry/Sites/blog/protected/views/layouts/main.php (51)
in /Users/Dmitry/Sites/blog/protected/views/layouts/column1.php (6)
in /Users/Dmitry/Sites/blog/protected/controllers/SiteController.php (72)
2015/04/30 01:29:56 [error] [exception.CDbException] exception 'CDbException' with message 'CDbConnection failed to open the DB connection: SQLSTATE[HY000] [14] unable to open database file' in /Users/Dmitry/Sites/yii/framework/db/CDbConnection.php:399
Stack trace:
#0 /Users/Dmitry/Sites/yii/framework/db/CDbConnection.php(347): CDbConnection->open()
#1 /Users/Dmitry/Sites/yii/framework/db/CDbConnection.php(325): CDbConnection->setActive(true)
#2 /Users/Dmitry/Sites/yii/framework/base/CModule.php(394): CDbConnection->init()
#3 /Users/Dmitry/Sites/yii/framework/base/CModule.php(103): CModule->getComponent('db')
#4 /Users/Dmitry/Sites/yii/framework/gii/generators/model/ModelCode.php(60): CModule->__get('db')
#5 /Users/Dmitry/Sites/yii/framework/web/CFormModel.php(39): ModelCode->init()
#6 /Users/Dmitry/Sites/yii/framework/gii/CCodeGenerator.php(153): CFormModel->__construct()
#7 /Users/Dmitry/Sites/yii/framework/gii/CCodeGenerator.php(63): CCodeGenerator->prepare()
#8 /Users/Dmitry/Sites/yii/framework/web/actions/CInlineAction.php(49): CCodeGenerator->actionIndex()
#9 /Users/Dmitry/Sites/yii/framework/web/CController.php(308): CInlineAction->runWithParams(Array)
#10 /Users/Dmitry/Sites/yii/framework/web/CController.php(286): CController->runAction(Object(CInlineAction))
#11 /Users/Dmitry/Sites/yii/framework/web/CController.php(265): CController->runActionWithFilters(Object(CInlineAction), Array)
#12 /Users/Dmitry/Sites/yii/framework/web/CWebApplication.php(282): CController->run('index')
#13 /Users/Dmitry/Sites/yii/framework/web/CWebApplication.php(141): CWebApplication->runController('gii/model/index')
#14 /Users/Dmitry/Sites/yii/framework/base/CApplication.php(184): CWebApplication->processRequest()
#15 /Users/Dmitry/Sites/blog/index.php(14): CApplication->run()
#16 {main}
REQUEST_URI=/blog/index.php?r=gii/model/index
HTTP_REFERER=http://localhost/blog/index.php?r=gii/model/index
---
2015/04/30 01:30:22 [error] [exception.CDbException] exception 'CDbException' with message 'CDbConnection failed to open the DB connection: SQLSTATE[HY000] [14] unable to open database file' in /Users/Dmitry/Sites/yii/framework/db/CDbConnection.php:399
Stack trace:
#0 /Users/Dmitry/Sites/yii/framework/db/CDbConnection.php(347): CDbConnection->open()
#1 /Users/Dmitry/Sites/yii/framework/db/CDbConnection.php(325): CDbConnection->setActive(true)
#2 /Users/Dmitry/Sites/yii/framework/base/CModule.php(394): CDbConnection->init()
#3 /Users/Dmitry/Sites/yii/framework/base/CModule.php(103): CModule->getComponent('db')
#4 /Users/Dmitry/Sites/yii/framework/gii/generators/model/ModelCode.php(60): CModule->__get('db')
#5 /Users/Dmitry/Sites/yii/framework/web/CFormModel.php(39): ModelCode->init()
#6 /Users/Dmitry/Sites/yii/framework/gii/CCodeGenerator.php(153): CFormModel->__construct()
#7 /Users/Dmitry/Sites/yii/framework/gii/CCodeGenerator.php(63): CCodeGenerator->prepare()
#8 /Users/Dmitry/Sites/yii/framework/web/actions/CInlineAction.php(49): CCodeGenerator->actionIndex()
#9 /Users/Dmitry/Sites/yii/framework/web/CController.php(308): CInlineAction->runWithParams(Array)
#10 /Users/Dmitry/Sites/yii/framework/web/CController.php(286): CController->runAction(Object(CInlineAction))
#11 /Users/Dmitry/Sites/yii/framework/web/CController.php(265): CController->runActionWithFilters(Object(CInlineAction), Array)
#12 /Users/Dmitry/Sites/yii/framework/web/CWebApplication.php(282): CController->run('index')
#13 /Users/Dmitry/Sites/yii/framework/web/CWebApplication.php(141): CWebApplication->runController('gii/model/index')
#14 /Users/Dmitry/Sites/yii/framework/base/CApplication.php(184): CWebApplication->processRequest()
#15 /Users/Dmitry/Sites/blog/index.php(14): CApplication->run()
#16 {main}
REQUEST_URI=/blog/index.php?r=gii/model/index
HTTP_REFERER=http://localhost/blog/index.php?r=gii/model/index
---
2015/04/30 10:42:31 [error] [exception.CHttpException.403] exception 'CHttpException' with message 'You are not authorized to perform this action.' in /Users/Dmitry/Sites/yii/framework/web/auth/CAccessControlFilter.php:182
Stack trace:
#0 /Users/Dmitry/Sites/yii/framework/web/auth/CAccessControlFilter.php(145): CAccessControlFilter->accessDenied(Object(CWebUser), 'You are not aut...')
#1 /Users/Dmitry/Sites/yii/framework/web/filters/CFilter.php(38): CAccessControlFilter->preFilter(Object(CFilterChain))
#2 /Users/Dmitry/Sites/yii/framework/web/CController.php(1145): CFilter->filter(Object(CFilterChain))
#3 /Users/Dmitry/Sites/yii/framework/web/filters/CInlineFilter.php(58): CController->filterAccessControl(Object(CFilterChain))
#4 /Users/Dmitry/Sites/yii/framework/web/filters/CFilterChain.php(130): CInlineFilter->filter(Object(CFilterChain))
#5 /Users/Dmitry/Sites/yii/framework/web/CController.php(291): CFilterChain->run()
#6 /Users/Dmitry/Sites/yii/framework/web/CController.php(265): CController->runActionWithFilters(Object(CInlineAction), Array)
#7 /Users/Dmitry/Sites/yii/framework/web/CWebApplication.php(282): CController->run('admin')
#8 /Users/Dmitry/Sites/yii/framework/web/CWebApplication.php(141): CWebApplication->runController('post/admin')
#9 /Users/Dmitry/Sites/yii/framework/base/CApplication.php(184): CWebApplication->processRequest()
#10 /Users/Dmitry/Sites/blog/index.php(14): CApplication->run()
#11 {main}
REQUEST_URI=/blog/index.php?r=post/admin
HTTP_REFERER=http://localhost/blog/index.php?r=post/view&id=3
---
2015/04/30 13:13:48 [error] [exception.CHttpException.404] exception 'CHttpException' with message 'Unable to resolve the request "dii".' in /Users/Dmitry/Sites/yii/framework/web/CWebApplication.php:286
Stack trace:
#0 /Users/Dmitry/Sites/yii/framework/web/CWebApplication.php(141): CWebApplication->runController('dii')
#1 /Users/Dmitry/Sites/yii/framework/base/CApplication.php(184): CWebApplication->processRequest()
#2 /Users/Dmitry/Sites/blog/index.php(14): CApplication->run()
#3 {main}
REQUEST_URI=/blog/index.php?r=dii
---
2015/04/30 13:36:35 [warning] [application] Failed to set unsafe attribute "create_time" of "Post".
in /Users/Dmitry/Sites/blog/protected/controllers/PostController.php (72)
in /Users/Dmitry/Sites/blog/index.php (14)
2015/04/30 13:36:35 [warning] [application] Failed to set unsafe attribute "update_time" of "Post".
in /Users/Dmitry/Sites/blog/protected/controllers/PostController.php (72)
in /Users/Dmitry/Sites/blog/index.php (14)
2015/04/30 13:36:35 [warning] [application] Failed to set unsafe attribute "author_id" of "Post".
in /Users/Dmitry/Sites/blog/protected/controllers/PostController.php (72)
in /Users/Dmitry/Sites/blog/index.php (14)
2015/04/30 17:22:02 [error] [exception.CHttpException.404] exception 'CHttpException' with message 'The system is unable to find the requested action "post".' in /Users/Dmitry/Sites/yii/framework/web/CController.php:483
Stack trace:
#0 /Users/Dmitry/Sites/yii/framework/web/CController.php(270): CController->missingAction('post')
#1 /Users/Dmitry/Sites/yii/framework/web/CWebApplication.php(282): CController->run('post')
#2 /Users/Dmitry/Sites/yii/framework/web/CWebApplication.php(141): CWebApplication->runController('site/post')
#3 /Users/Dmitry/Sites/yii/framework/base/CApplication.php(184): CWebApplication->processRequest()
#4 /Users/Dmitry/Sites/blog/index.php(14): CApplication->run()
#5 {main}
REQUEST_URI=/blog/index.php?r=site/post
---
2015/04/30 17:29:07 [error] [exception.CException] exception 'CException' with message 'Tag and its behaviors do not have a method or closure named "updateFrequency".' in /Users/Dmitry/Sites/yii/framework/base/CComponent.php:266
Stack trace:
#0 /Users/Dmitry/Sites/yii/framework/db/ar/CActiveRecord.php(227): CComponent->__call('updateFrequency', Array)
#1 /Users/Dmitry/Sites/blog/protected/models/Post.php(163): CActiveRecord->__call('updateFrequency', Array)
#2 /Users/Dmitry/Sites/blog/protected/models/Post.php(163): Tag->updateFrequency(NULL, 'wddw, fefe')
#3 /Users/Dmitry/Sites/yii/framework/db/ar/CActiveRecord.php(1100): Post->afterSave()
#4 /Users/Dmitry/Sites/yii/framework/db/ar/CActiveRecord.php(809): CActiveRecord->insert(NULL)
#5 /Users/Dmitry/Sites/blog/protected/controllers/PostController.php(68): CActiveRecord->save()
#6 /Users/Dmitry/Sites/yii/framework/web/actions/CInlineAction.php(49): PostController->actionCreate()
#7 /Users/Dmitry/Sites/yii/framework/web/CController.php(308): CInlineAction->runWithParams(Array)
#8 /Users/Dmitry/Sites/yii/framework/web/filters/CFilterChain.php(133): CController->runAction(Object(CInlineAction))
#9 /Users/Dmitry/Sites/yii/framework/web/filters/CFilter.php(40): CFilterChain->run()
#10 /Users/Dmitry/Sites/yii/framework/web/CController.php(1145): CFilter->filter(Object(CFilterChain))
#11 /Users/Dmitry/Sites/yii/framework/web/filters/CInlineFilter.php(58): CController->filterAccessControl(Object(CFilterChain))
#12 /Users/Dmitry/Sites/yii/framework/web/filters/CFilterChain.php(130): CInlineFilter->filter(Object(CFilterChain))
#13 /Users/Dmitry/Sites/yii/framework/web/CController.php(291): CFilterChain->run()
#14 /Users/Dmitry/Sites/yii/framework/web/CController.php(265): CController->runActionWithFilters(Object(CInlineAction), Array)
#15 /Users/Dmitry/Sites/yii/framework/web/CWebApplication.php(282): CController->run('create')
#16 /Users/Dmitry/Sites/yii/framework/web/CWebApplication.php(141): CWebApplication->runController('post/create')
#17 /Users/Dmitry/Sites/yii/framework/base/CApplication.php(184): CWebApplication->processRequest()
#18 /Users/Dmitry/Sites/blog/index.php(14): CApplication->run()
#19 {main}
REQUEST_URI=/blog/index.php?r=post/create
HTTP_REFERER=http://localhost/blog/index.php?r=post/create
---
2015/04/30 18:52:25 [error] [php] Missing argument 1 for PostController::loadModel(), called in /Users/Dmitry/Sites/blog/protected/controllers/PostController.php on line 49 and defined (/Users/Dmitry/Sites/blog/protected/controllers/PostController.php:167)
Stack trace:
#0 /Users/Dmitry/Sites/yii/framework/web/actions/CAction.php(109): ReflectionMethod->invokeArgs()
#1 /Users/Dmitry/Sites/yii/framework/web/actions/CInlineAction.php(47): CInlineAction->runWithParamsInternal()
#2 /Users/Dmitry/Sites/yii/framework/web/CController.php(308): CInlineAction->runWithParams()
#3 /Users/Dmitry/Sites/yii/framework/web/filters/CFilterChain.php(133): PostController->runAction()
#4 /Users/Dmitry/Sites/yii/framework/web/filters/CFilter.php(40): CFilterChain->run()
#5 /Users/Dmitry/Sites/yii/framework/web/CController.php(1145): CAccessControlFilter->filter()
#6 /Users/Dmitry/Sites/yii/framework/web/filters/CInlineFilter.php(58): PostController->filterAccessControl()
#7 /Users/Dmitry/Sites/yii/framework/web/filters/CFilterChain.php(130): CInlineFilter->filter()
#8 /Users/Dmitry/Sites/yii/framework/web/CController.php(291): CFilterChain->run()
#9 /Users/Dmitry/Sites/yii/framework/web/CController.php(265): PostController->runActionWithFilters()
#10 /Users/Dmitry/Sites/yii/framework/web/CWebApplication.php(282): PostController->run()
#11 /Users/Dmitry/Sites/yii/framework/web/CWebApplication.php(141): CWebApplication->runController()
#12 /Users/Dmitry/Sites/yii/framework/base/CApplication.php(184): CWebApplication->processRequest()
#13 /Users/Dmitry/Sites/blog/index.php(14): CWebApplication->run()
REQUEST_URI=/blog/index.php?r=post/view&id=6
in /Users/Dmitry/Sites/blog/protected/controllers/PostController.php (167)
in /Users/Dmitry/Sites/blog/protected/controllers/PostController.php (49)
in /Users/Dmitry/Sites/blog/index.php (14)
2015/04/30 18:52:52 [error] [php] Missing argument 1 for PostController::loadModel(), called in /Users/Dmitry/Sites/blog/protected/controllers/PostController.php on line 49 and defined (/Users/Dmitry/Sites/blog/protected/controllers/PostController.php:167)
Stack trace:
#0 /Users/Dmitry/Sites/yii/framework/web/actions/CAction.php(109): ReflectionMethod->invokeArgs()
#1 /Users/Dmitry/Sites/yii/framework/web/actions/CInlineAction.php(47): CInlineAction->runWithParamsInternal()
#2 /Users/Dmitry/Sites/yii/framework/web/CController.php(308): CInlineAction->runWithParams()
#3 /Users/Dmitry/Sites/yii/framework/web/filters/CFilterChain.php(133): PostController->runAction()
#4 /Users/Dmitry/Sites/yii/framework/web/filters/CFilter.php(40): CFilterChain->run()
#5 /Users/Dmitry/Sites/yii/framework/web/CController.php(1145): CAccessControlFilter->filter()
#6 /Users/Dmitry/Sites/yii/framework/web/filters/CInlineFilter.php(58): PostController->filterAccessControl()
#7 /Users/Dmitry/Sites/yii/framework/web/filters/CFilterChain.php(130): CInlineFilter->filter()
#8 /Users/Dmitry/Sites/yii/framework/web/CController.php(291): CFilterChain->run()
#9 /Users/Dmitry/Sites/yii/framework/web/CController.php(265): PostController->runActionWithFilters()
#10 /Users/Dmitry/Sites/yii/framework/web/CWebApplication.php(282): PostController->run()
#11 /Users/Dmitry/Sites/yii/framework/web/CWebApplication.php(141): CWebApplication->runController()
#12 /Users/Dmitry/Sites/yii/framework/base/CApplication.php(184): CWebApplication->processRequest()
#13 /Users/Dmitry/Sites/blog/index.php(14): CWebApplication->run()
REQUEST_URI=/blog/index.php?r=post/view&id=7
in /Users/Dmitry/Sites/blog/protected/controllers/PostController.php (167)
in /Users/Dmitry/Sites/blog/protected/controllers/PostController.php (49)
in /Users/Dmitry/Sites/blog/index.php (14)
2015/04/30 18:52:55 [error] [php] Missing argument 1 for PostController::loadModel(), called in /Users/Dmitry/Sites/blog/protected/controllers/PostController.php on line 49 and defined (/Users/Dmitry/Sites/blog/protected/controllers/PostController.php:167)
Stack trace:
#0 /Users/Dmitry/Sites/yii/framework/web/actions/CAction.php(109): ReflectionMethod->invokeArgs()
#1 /Users/Dmitry/Sites/yii/framework/web/actions/CInlineAction.php(47): CInlineAction->runWithParamsInternal()
#2 /Users/Dmitry/Sites/yii/framework/web/CController.php(308): CInlineAction->runWithParams()
#3 /Users/Dmitry/Sites/yii/framework/web/filters/CFilterChain.php(133): PostController->runAction()
#4 /Users/Dmitry/Sites/yii/framework/web/filters/CFilter.php(40): CFilterChain->run()
#5 /Users/Dmitry/Sites/yii/framework/web/CController.php(1145): CAccessControlFilter->filter()
#6 /Users/Dmitry/Sites/yii/framework/web/filters/CInlineFilter.php(58): PostController->filterAccessControl()
#7 /Users/Dmitry/Sites/yii/framework/web/filters/CFilterChain.php(130): CInlineFilter->filter()
#8 /Users/Dmitry/Sites/yii/framework/web/CController.php(291): CFilterChain->run()
#9 /Users/Dmitry/Sites/yii/framework/web/CController.php(265): PostController->runActionWithFilters()
#10 /Users/Dmitry/Sites/yii/framework/web/CWebApplication.php(282): PostController->run()
#11 /Users/Dmitry/Sites/yii/framework/web/CWebApplication.php(141): CWebApplication->runController()
#12 /Users/Dmitry/Sites/yii/framework/base/CApplication.php(184): CWebApplication->processRequest()
#13 /Users/Dmitry/Sites/blog/index.php(14): CWebApplication->run()
REQUEST_URI=/blog/index.php?r=post/view&id=8
in /Users/Dmitry/Sites/blog/protected/controllers/PostController.php (167)
in /Users/Dmitry/Sites/blog/protected/controllers/PostController.php (49)
in /Users/Dmitry/Sites/blog/index.php (14)
2015/04/30 18:52:59 [error] [php] Missing argument 1 for PostController::loadModel(), called in /Users/Dmitry/Sites/blog/protected/controllers/PostController.php on line 49 and defined (/Users/Dmitry/Sites/blog/protected/controllers/PostController.php:167)
Stack trace:
#0 /Users/Dmitry/Sites/yii/framework/web/actions/CAction.php(109): ReflectionMethod->invokeArgs()
#1 /Users/Dmitry/Sites/yii/framework/web/actions/CInlineAction.php(47): CInlineAction->runWithParamsInternal()
#2 /Users/Dmitry/Sites/yii/framework/web/CController.php(308): CInlineAction->runWithParams()
#3 /Users/Dmitry/Sites/yii/framework/web/filters/CFilterChain.php(133): PostController->runAction()
#4 /Users/Dmitry/Sites/yii/framework/web/filters/CFilter.php(40): CFilterChain->run()
#5 /Users/Dmitry/Sites/yii/framework/web/CController.php(1145): CAccessControlFilter->filter()
#6 /Users/Dmitry/Sites/yii/framework/web/filters/CInlineFilter.php(58): PostController->filterAccessControl()
#7 /Users/Dmitry/Sites/yii/framework/web/filters/CFilterChain.php(130): CInlineFilter->filter()
#8 /Users/Dmitry/Sites/yii/framework/web/CController.php(291): CFilterChain->run()
#9 /Users/Dmitry/Sites/yii/framework/web/CController.php(265): PostController->runActionWithFilters()
#10 /Users/Dmitry/Sites/yii/framework/web/CWebApplication.php(282): PostController->run()
#11 /Users/Dmitry/Sites/yii/framework/web/CWebApplication.php(141): CWebApplication->runController()
#12 /Users/Dmitry/Sites/yii/framework/base/CApplication.php(184): CWebApplication->processRequest()
#13 /Users/Dmitry/Sites/blog/index.php(14): CWebApplication->run()
REQUEST_URI=/blog/index.php?r=post/view&id=9
in /Users/Dmitry/Sites/blog/protected/controllers/PostController.php (167)
in /Users/Dmitry/Sites/blog/protected/controllers/PostController.php (49)
in /Users/Dmitry/Sites/blog/index.php (14)
2015/04/30 18:53:02 [error] [php] Missing argument 1 for PostController::loadModel(), called in /Users/Dmitry/Sites/blog/protected/controllers/PostController.php on line 49 and defined (/Users/Dmitry/Sites/blog/protected/controllers/PostController.php:167)
Stack trace:
#0 /Users/Dmitry/Sites/yii/framework/web/actions/CAction.php(109): ReflectionMethod->invokeArgs()
#1 /Users/Dmitry/Sites/yii/framework/web/actions/CInlineAction.php(47): CInlineAction->runWithParamsInternal()
#2 /Users/Dmitry/Sites/yii/framework/web/CController.php(308): CInlineAction->runWithParams()
#3 /Users/Dmitry/Sites/yii/framework/web/filters/CFilterChain.php(133): PostController->runAction()
#4 /Users/Dmitry/Sites/yii/framework/web/filters/CFilter.php(40): CFilterChain->run()
#5 /Users/Dmitry/Sites/yii/framework/web/CController.php(1145): CAccessControlFilter->filter()
#6 /Users/Dmitry/Sites/yii/framework/web/filters/CInlineFilter.php(58): PostController->filterAccessControl()
#7 /Users/Dmitry/Sites/yii/framework/web/filters/CFilterChain.php(130): CInlineFilter->filter()
#8 /Users/Dmitry/Sites/yii/framework/web/CController.php(291): CFilterChain->run()
#9 /Users/Dmitry/Sites/yii/framework/web/CController.php(265): PostController->runActionWithFilters()
#10 /Users/Dmitry/Sites/yii/framework/web/CWebApplication.php(282): PostController->run()
#11 /Users/Dmitry/Sites/yii/framework/web/CWebApplication.php(141): CWebApplication->runController()
#12 /Users/Dmitry/Sites/yii/framework/base/CApplication.php(184): CWebApplication->processRequest()
#13 /Users/Dmitry/Sites/blog/index.php(14): CWebApplication->run()
REQUEST_URI=/blog/index.php?r=post/view&id=10
in /Users/Dmitry/Sites/blog/protected/controllers/PostController.php (167)
in /Users/Dmitry/Sites/blog/protected/controllers/PostController.php (49)
in /Users/Dmitry/Sites/blog/index.php (14)
2015/04/30 18:54:10 [error] [php] Missing argument 1 for PostController::loadModel(), called in /Users/Dmitry/Sites/blog/protected/controllers/PostController.php on line 49 and defined (/Users/Dmitry/Sites/blog/protected/controllers/PostController.php:167)
Stack trace:
#0 /Users/Dmitry/Sites/yii/framework/web/actions/CAction.php(109): ReflectionMethod->invokeArgs()
#1 /Users/Dmitry/Sites/yii/framework/web/actions/CInlineAction.php(47): CInlineAction->runWithParamsInternal()
#2 /Users/Dmitry/Sites/yii/framework/web/CController.php(308): CInlineAction->runWithParams()
#3 /Users/Dmitry/Sites/yii/framework/web/filters/CFilterChain.php(133): PostController->runAction()
#4 /Users/Dmitry/Sites/yii/framework/web/filters/CFilter.php(40): CFilterChain->run()
#5 /Users/Dmitry/Sites/yii/framework/web/CController.php(1145): CAccessControlFilter->filter()
#6 /Users/Dmitry/Sites/yii/framework/web/filters/CInlineFilter.php(58): PostController->filterAccessControl()
#7 /Users/Dmitry/Sites/yii/framework/web/filters/CFilterChain.php(130): CInlineFilter->filter()
#8 /Users/Dmitry/Sites/yii/framework/web/CController.php(291): CFilterChain->run()
#9 /Users/Dmitry/Sites/yii/framework/web/CController.php(265): PostController->runActionWithFilters()
#10 /Users/Dmitry/Sites/yii/framework/web/CWebApplication.php(282): PostController->run()
#11 /Users/Dmitry/Sites/yii/framework/web/CWebApplication.php(141): CWebApplication->runController()
#12 /Users/Dmitry/Sites/yii/framework/base/CApplication.php(184): CWebApplication->processRequest()
#13 /Users/Dmitry/Sites/blog/index.php(14): CWebApplication->run()
REQUEST_URI=/blog/index.php?r=post/view&id=11
in /Users/Dmitry/Sites/blog/protected/controllers/PostController.php (167)
in /Users/Dmitry/Sites/blog/protected/controllers/PostController.php (49)
in /Users/Dmitry/Sites/blog/index.php (14)
2015/04/30 18:55:07 [error] [php] Missing argument 1 for PostController::loadModel(), called in /Users/Dmitry/Sites/blog/protected/controllers/PostController.php on line 49 and defined (/Users/Dmitry/Sites/blog/protected/controllers/PostController.php:167)
Stack trace:
#0 /Users/Dmitry/Sites/yii/framework/web/actions/CAction.php(109): ReflectionMethod->invokeArgs()
#1 /Users/Dmitry/Sites/yii/framework/web/actions/CInlineAction.php(47): CInlineAction->runWithParamsInternal()
#2 /Users/Dmitry/Sites/yii/framework/web/CController.php(308): CInlineAction->runWithParams()
#3 /Users/Dmitry/Sites/yii/framework/web/filters/CFilterChain.php(133): PostController->runAction()
#4 /Users/Dmitry/Sites/yii/framework/web/filters/CFilter.php(40): CFilterChain->run()
#5 /Users/Dmitry/Sites/yii/framework/web/CController.php(1145): CAccessControlFilter->filter()
#6 /Users/Dmitry/Sites/yii/framework/web/filters/CInlineFilter.php(58): PostController->filterAccessControl()
#7 /Users/Dmitry/Sites/yii/framework/web/filters/CFilterChain.php(130): CInlineFilter->filter()
#8 /Users/Dmitry/Sites/yii/framework/web/CController.php(291): CFilterChain->run()
#9 /Users/Dmitry/Sites/yii/framework/web/CController.php(265): PostController->runActionWithFilters()
#10 /Users/Dmitry/Sites/yii/framework/web/CWebApplication.php(282): PostController->run()
#11 /Users/Dmitry/Sites/yii/framework/web/CWebApplication.php(141): CWebApplication->runController()
#12 /Users/Dmitry/Sites/yii/framework/base/CApplication.php(184): CWebApplication->processRequest()
#13 /Users/Dmitry/Sites/blog/index.php(14): CWebApplication->run()
REQUEST_URI=/blog/index.php?r=post/view&id=12
in /Users/Dmitry/Sites/blog/protected/controllers/PostController.php (167)
in /Users/Dmitry/Sites/blog/protected/controllers/PostController.php (49)
in /Users/Dmitry/Sites/blog/index.php (14)
2015/04/30 18:55:55 [error] [php] Missing argument 1 for PostController::loadModel(), called in /Users/Dmitry/Sites/blog/protected/controllers/PostController.php on line 49 and defined (/Users/Dmitry/Sites/blog/protected/controllers/PostController.php:167)
Stack trace:
#0 /Users/Dmitry/Sites/yii/framework/web/actions/CAction.php(109): ReflectionMethod->invokeArgs()
#1 /Users/Dmitry/Sites/yii/framework/web/actions/CInlineAction.php(47): CInlineAction->runWithParamsInternal()
#2 /Users/Dmitry/Sites/yii/framework/web/CController.php(308): CInlineAction->runWithParams()
#3 /Users/Dmitry/Sites/yii/framework/web/filters/CFilterChain.php(133): PostController->runAction()
#4 /Users/Dmitry/Sites/yii/framework/web/filters/CFilter.php(40): CFilterChain->run()
#5 /Users/Dmitry/Sites/yii/framework/web/CController.php(1145): CAccessControlFilter->filter()
#6 /Users/Dmitry/Sites/yii/framework/web/filters/CInlineFilter.php(58): PostController->filterAccessControl()
#7 /Users/Dmitry/Sites/yii/framework/web/filters/CFilterChain.php(130): CInlineFilter->filter()
#8 /Users/Dmitry/Sites/yii/framework/web/CController.php(291): CFilterChain->run()
#9 /Users/Dmitry/Sites/yii/framework/web/CController.php(265): PostController->runActionWithFilters()
#10 /Users/Dmitry/Sites/yii/framework/web/CWebApplication.php(282): PostController->run()
#11 /Users/Dmitry/Sites/yii/framework/web/CWebApplication.php(141): CWebApplication->runController()
#12 /Users/Dmitry/Sites/yii/framework/base/CApplication.php(184): CWebApplication->processRequest()
#13 /Users/Dmitry/Sites/blog/index.php(14): CWebApplication->run()
REQUEST_URI=/blog/index.php?r=post/view&id=13
in /Users/Dmitry/Sites/blog/protected/controllers/PostController.php (167)
in /Users/Dmitry/Sites/blog/protected/controllers/PostController.php (49)
in /Users/Dmitry/Sites/blog/index.php (14)
2015/04/30 18:56:05 [warning] [application] Failed to set unsafe attribute "title" of "Post".
in /Users/Dmitry/Sites/blog/protected/controllers/PostController.php (69)
in /Users/Dmitry/Sites/blog/index.php (14)
2015/04/30 18:56:05 [warning] [application] Failed to set unsafe attribute "content" of "Post".
in /Users/Dmitry/Sites/blog/protected/controllers/PostController.php (69)
in /Users/Dmitry/Sites/blog/index.php (14)
2015/04/30 18:56:05 [warning] [application] Failed to set unsafe attribute "tags" of "Post".
in /Users/Dmitry/Sites/blog/protected/controllers/PostController.php (69)
in /Users/Dmitry/Sites/blog/index.php (14)
2015/04/30 18:56:05 [warning] [application] Failed to set unsafe attribute "status" of "Post".
in /Users/Dmitry/Sites/blog/protected/controllers/PostController.php (69)
in /Users/Dmitry/Sites/blog/index.php (14)
2015/04/30 18:56:05 [error] [system.db.CDbCommand] CDbCommand::execute() failed: SQLSTATE[HY000]: General error: 1364 Field 'title' doesn't have a default value. The SQL statement executed was: INSERT INTO `tbl_post` (`update_time`, `create_time`, `author_id`) VALUES (:yp0, :yp1, :yp2).
in /Users/Dmitry/Sites/blog/protected/controllers/PostController.php (70)
in /Users/Dmitry/Sites/blog/index.php (14)
2015/04/30 18:56:05 [error] [exception.CDbException] exception 'CDbException' with message 'CDbCommand failed to execute the SQL statement: SQLSTATE[HY000]: General error: 1364 Field 'title' doesn't have a default value. The SQL statement executed was: INSERT INTO `tbl_post` (`update_time`, `create_time`, `author_id`) VALUES (:yp0, :yp1, :yp2)' in /Users/Dmitry/Sites/yii/framework/db/CDbCommand.php:358
Stack trace:
#0 /Users/Dmitry/Sites/yii/framework/db/ar/CActiveRecord.php(1080): CDbCommand->execute()
#1 /Users/Dmitry/Sites/yii/framework/db/ar/CActiveRecord.php(809): CActiveRecord->insert(NULL)
#2 /Users/Dmitry/Sites/blog/protected/controllers/PostController.php(70): CActiveRecord->save()
#3 /Users/Dmitry/Sites/yii/framework/web/actions/CInlineAction.php(49): PostController->actionCreate()
#4 /Users/Dmitry/Sites/yii/framework/web/CController.php(308): CInlineAction->runWithParams(Array)
#5 /Users/Dmitry/Sites/yii/framework/web/filters/CFilterChain.php(133): CController->runAction(Object(CInlineAction))
#6 /Users/Dmitry/Sites/yii/framework/web/filters/CFilter.php(40): CFilterChain->run()
#7 /Users/Dmitry/Sites/yii/framework/web/CController.php(1145): CFilter->filter(Object(CFilterChain))
#8 /Users/Dmitry/Sites/yii/framework/web/filters/CInlineFilter.php(58): CController->filterAccessControl(Object(CFilterChain))
#9 /Users/Dmitry/Sites/yii/framework/web/filters/CFilterChain.php(130): CInlineFilter->filter(Object(CFilterChain))
#10 /Users/Dmitry/Sites/yii/framework/web/CController.php(291): CFilterChain->run()
#11 /Users/Dmitry/Sites/yii/framework/web/CController.php(265): CController->runActionWithFilters(Object(CInlineAction), Array)
#12 /Users/Dmitry/Sites/yii/framework/web/CWebApplication.php(282): CController->run('create')
#13 /Users/Dmitry/Sites/yii/framework/web/CWebApplication.php(141): CWebApplication->runController('post/create')
#14 /Users/Dmitry/Sites/yii/framework/base/CApplication.php(184): CWebApplication->processRequest()
#15 /Users/Dmitry/Sites/blog/index.php(14): CApplication->run()
#16 {main}
REQUEST_URI=/blog/index.php?r=post/create
HTTP_REFERER=http://localhost/blog/index.php?r=post/create
---
2015/04/30 18:57:03 [error] [php] Missing argument 1 for PostController::loadModel(), called in /Users/Dmitry/Sites/blog/protected/controllers/PostController.php on line 49 and defined (/Users/Dmitry/Sites/blog/protected/controllers/PostController.php:167)
Stack trace:
#0 /Users/Dmitry/Sites/yii/framework/web/actions/CAction.php(109): ReflectionMethod->invokeArgs()
#1 /Users/Dmitry/Sites/yii/framework/web/actions/CInlineAction.php(47): CInlineAction->runWithParamsInternal()
#2 /Users/Dmitry/Sites/yii/framework/web/CController.php(308): CInlineAction->runWithParams()
#3 /Users/Dmitry/Sites/yii/framework/web/filters/CFilterChain.php(133): PostController->runAction()
#4 /Users/Dmitry/Sites/yii/framework/web/filters/CFilter.php(40): CFilterChain->run()
#5 /Users/Dmitry/Sites/yii/framework/web/CController.php(1145): CAccessControlFilter->filter()
#6 /Users/Dmitry/Sites/yii/framework/web/filters/CInlineFilter.php(58): PostController->filterAccessControl()
#7 /Users/Dmitry/Sites/yii/framework/web/filters/CFilterChain.php(130): CInlineFilter->filter()
#8 /Users/Dmitry/Sites/yii/framework/web/CController.php(291): CFilterChain->run()
#9 /Users/Dmitry/Sites/yii/framework/web/CController.php(265): PostController->runActionWithFilters()
#10 /Users/Dmitry/Sites/yii/framework/web/CWebApplication.php(282): PostController->run()
#11 /Users/Dmitry/Sites/yii/framework/web/CWebApplication.php(141): CWebApplication->runController()
#12 /Users/Dmitry/Sites/yii/framework/base/CApplication.php(184): CWebApplication->processRequest()
#13 /Users/Dmitry/Sites/blog/index.php(14): CWebApplication->run()
REQUEST_URI=/blog/index.php?r=post/view&id=14
in /Users/Dmitry/Sites/blog/protected/controllers/PostController.php (167)
in /Users/Dmitry/Sites/blog/protected/controllers/PostController.php (49)
in /Users/Dmitry/Sites/blog/index.php (14)
2015/04/30 18:59:01 [error] [php] Missing argument 1 for PostController::loadModel(), called in /Users/Dmitry/Sites/blog/protected/controllers/PostController.php on line 49 and defined (/Users/Dmitry/Sites/blog/protected/controllers/PostController.php:167)
Stack trace:
#0 /Users/Dmitry/Sites/yii/framework/web/actions/CAction.php(109): ReflectionMethod->invokeArgs()
#1 /Users/Dmitry/Sites/yii/framework/web/actions/CInlineAction.php(47): CInlineAction->runWithParamsInternal()
#2 /Users/Dmitry/Sites/yii/framework/web/CController.php(308): CInlineAction->runWithParams()
#3 /Users/Dmitry/Sites/yii/framework/web/filters/CFilterChain.php(133): PostController->runAction()
#4 /Users/Dmitry/Sites/yii/framework/web/filters/CFilter.php(40): CFilterChain->run()
#5 /Users/Dmitry/Sites/yii/framework/web/CController.php(1145): CAccessControlFilter->filter()
#6 /Users/Dmitry/Sites/yii/framework/web/filters/CInlineFilter.php(58): PostController->filterAccessControl()
#7 /Users/Dmitry/Sites/yii/framework/web/filters/CFilterChain.php(130): CInlineFilter->filter()
#8 /Users/Dmitry/Sites/yii/framework/web/CController.php(291): CFilterChain->run()
#9 /Users/Dmitry/Sites/yii/framework/web/CController.php(265): PostController->runActionWithFilters()
#10 /Users/Dmitry/Sites/yii/framework/web/CWebApplication.php(282): PostController->run()
#11 /Users/Dmitry/Sites/yii/framework/web/CWebApplication.php(141): CWebApplication->runController()
#12 /Users/Dmitry/Sites/yii/framework/base/CApplication.php(184): CWebApplication->processRequest()
#13 /Users/Dmitry/Sites/blog/index.php(14): CWebApplication->run()
REQUEST_URI=/blog/index.php?r=post/view&id=15
in /Users/Dmitry/Sites/blog/protected/controllers/PostController.php (167)
in /Users/Dmitry/Sites/blog/protected/controllers/PostController.php (49)
in /Users/Dmitry/Sites/blog/index.php (14)
2015/04/30 18:59:56 [error] [php] Missing argument 1 for PostController::loadModel(), called in /Users/Dmitry/Sites/blog/protected/controllers/PostController.php on line 113 and defined (/Users/Dmitry/Sites/blog/protected/controllers/PostController.php:167)
Stack trace:
#0 /Users/Dmitry/Sites/yii/framework/web/CController.php(308): CInlineAction->runWithParams()
#1 /Users/Dmitry/Sites/yii/framework/web/filters/CFilterChain.php(133): PostController->runAction()
#2 /Users/Dmitry/Sites/yii/framework/web/CController.php(1116): CFilterChain->run()
#3 /Users/Dmitry/Sites/yii/framework/web/filters/CInlineFilter.php(58): PostController->filterPostOnly()
#4 /Users/Dmitry/Sites/yii/framework/web/filters/CFilterChain.php(130): CInlineFilter->filter()
#5 /Users/Dmitry/Sites/yii/framework/web/filters/CFilter.php(40): CFilterChain->run()
#6 /Users/Dmitry/Sites/yii/framework/web/CController.php(1145): CAccessControlFilter->filter()
#7 /Users/Dmitry/Sites/yii/framework/web/filters/CInlineFilter.php(58): PostController->filterAccessControl()
#8 /Users/Dmitry/Sites/yii/framework/web/filters/CFilterChain.php(130): CInlineFilter->filter()
#9 /Users/Dmitry/Sites/yii/framework/web/CController.php(291): CFilterChain->run()
#10 /Users/Dmitry/Sites/yii/framework/web/CController.php(265): PostController->runActionWithFilters()
#11 /Users/Dmitry/Sites/yii/framework/web/CWebApplication.php(282): PostController->run()
#12 /Users/Dmitry/Sites/yii/framework/web/CWebApplication.php(141): CWebApplication->runController()
#13 /Users/Dmitry/Sites/yii/framework/base/CApplication.php(184): CWebApplication->processRequest()
#14 /Users/Dmitry/Sites/blog/index.php(14): CWebApplication->run()
REQUEST_URI=/blog/index.php?r=post/delete&id=15
in /Users/Dmitry/Sites/blog/protected/controllers/PostController.php (167)
in /Users/Dmitry/Sites/blog/protected/controllers/PostController.php (113)
in /Users/Dmitry/Sites/blog/index.php (14)
2015/04/30 19:03:25 [error] [exception.CException] exception 'CException' with message 'Tag and its behaviors do not have a method or closure named "updateFrequency".' in /Users/Dmitry/Sites/yii/framework/base/CComponent.php:266
Stack trace:
#0 /Users/Dmitry/Sites/yii/framework/db/ar/CActiveRecord.php(227): CComponent->__call('updateFrequency', Array)
#1 /Users/Dmitry/Sites/blog/protected/models/Post.php(162): CActiveRecord->__call('updateFrequency', Array)
#2 /Users/Dmitry/Sites/blog/protected/models/Post.php(162): Tag->updateFrequency('erfbrgb, asdfs', '')
#3 /Users/Dmitry/Sites/yii/framework/db/ar/CActiveRecord.php(1228): Post->afterDelete()
#4 /Users/Dmitry/Sites/blog/protected/controllers/PostController.php(113): CActiveRecord->delete()
#5 /Users/Dmitry/Sites/yii/framework/web/actions/CInlineAction.php(49): PostController->actionDelete()
#6 /Users/Dmitry/Sites/yii/framework/web/CController.php(308): CInlineAction->runWithParams(Array)
#7 /Users/Dmitry/Sites/yii/framework/web/filters/CFilterChain.php(133): CController->runAction(Object(CInlineAction))
#8 /Users/Dmitry/Sites/yii/framework/web/CController.php(1116): CFilterChain->run()
#9 /Users/Dmitry/Sites/yii/framework/web/filters/CInlineFilter.php(58): CController->filterPostOnly(Object(CFilterChain))
#10 /Users/Dmitry/Sites/yii/framework/web/filters/CFilterChain.php(130): CInlineFilter->filter(Object(CFilterChain))
#11 /Users/Dmitry/Sites/yii/framework/web/filters/CFilter.php(40): CFilterChain->run()
#12 /Users/Dmitry/Sites/yii/framework/web/CController.php(1145): CFilter->filter(Object(CFilterChain))
#13 /Users/Dmitry/Sites/yii/framework/web/filters/CInlineFilter.php(58): CController->filterAccessControl(Object(CFilterChain))
#14 /Users/Dmitry/Sites/yii/framework/web/filters/CFilterChain.php(130): CInlineFilter->filter(Object(CFilterChain))
#15 /Users/Dmitry/Sites/yii/framework/web/CController.php(291): CFilterChain->run()
#16 /Users/Dmitry/Sites/yii/framework/web/CController.php(265): CController->runActionWithFilters(Object(CInlineAction), Array)
#17 /Users/Dmitry/Sites/yii/framework/web/CWebApplication.php(282): CController->run('delete')
#18 /Users/Dmitry/Sites/yii/framework/web/CWebApplication.php(141): CWebApplication->runController('post/delete')
#19 /Users/Dmitry/Sites/yii/framework/base/CApplication.php(184): CWebApplication->processRequest()
#20 /Users/Dmitry/Sites/blog/index.php(14): CApplication->run()
#21 {main}
REQUEST_URI=/blog/index.php?r=post/delete&id=15
HTTP_REFERER=http://localhost/blog/index.php?r=post/view&id=15
---
2015/04/30 19:04:15 [error] [exception.CException] exception 'CException' with message 'Tag and its behaviors do not have a method or closure named "updateFrequency".' in /Users/Dmitry/Sites/yii/framework/base/CComponent.php:266
Stack trace:
#0 /Users/Dmitry/Sites/yii/framework/db/ar/CActiveRecord.php(227): CComponent->__call('updateFrequency', Array)
#1 /Users/Dmitry/Sites/blog/protected/models/Post.php(162): CActiveRecord->__call('updateFrequency', Array)
#2 /Users/Dmitry/Sites/blog/protected/models/Post.php(162): Tag->updateFrequency('erfbrgb, asdfs', '')
#3 /Users/Dmitry/Sites/yii/framework/db/ar/CActiveRecord.php(1228): Post->afterDelete()
#4 /Users/Dmitry/Sites/blog/protected/controllers/PostController.php(113): CActiveRecord->delete()
#5 /Users/Dmitry/Sites/yii/framework/web/actions/CInlineAction.php(49): PostController->actionDelete()
#6 /Users/Dmitry/Sites/yii/framework/web/CController.php(308): CInlineAction->runWithParams(Array)
#7 /Users/Dmitry/Sites/yii/framework/web/filters/CFilterChain.php(133): CController->runAction(Object(CInlineAction))
#8 /Users/Dmitry/Sites/yii/framework/web/CController.php(1116): CFilterChain->run()
#9 /Users/Dmitry/Sites/yii/framework/web/filters/CInlineFilter.php(58): CController->filterPostOnly(Object(CFilterChain))
#10 /Users/Dmitry/Sites/yii/framework/web/filters/CFilterChain.php(130): CInlineFilter->filter(Object(CFilterChain))
#11 /Users/Dmitry/Sites/yii/framework/web/filters/CFilter.php(40): CFilterChain->run()
#12 /Users/Dmitry/Sites/yii/framework/web/CController.php(1145): CFilter->filter(Object(CFilterChain))
#13 /Users/Dmitry/Sites/yii/framework/web/filters/CInlineFilter.php(58): CController->filterAccessControl(Object(CFilterChain))
#14 /Users/Dmitry/Sites/yii/framework/web/filters/CFilterChain.php(130): CInlineFilter->filter(Object(CFilterChain))
#15 /Users/Dmitry/Sites/yii/framework/web/CController.php(291): CFilterChain->run()
#16 /Users/Dmitry/Sites/yii/framework/web/CController.php(265): CController->runActionWithFilters(Object(CInlineAction), Array)
#17 /Users/Dmitry/Sites/yii/framework/web/CWebApplication.php(282): CController->run('delete')
#18 /Users/Dmitry/Sites/yii/framework/web/CWebApplication.php(141): CWebApplication->runController('post/delete')
#19 /Users/Dmitry/Sites/yii/framework/base/CApplication.php(184): CWebApplication->processRequest()
#20 /Users/Dmitry/Sites/blog/index.php(14): CApplication->run()
#21 {main}
REQUEST_URI=/blog/index.php?r=post/delete&id=14
HTTP_REFERER=http://localhost/blog/index.php?r=post/view&id=14
---
2015/05/03 11:06:01 [error] [exception.CException] exception 'CException' with message 'Tag and its behaviors do not have a method or closure named "updateFrequency".' in /Users/Dmitry/Sites/yii/framework/base/CComponent.php:266
Stack trace:
#0 /Users/Dmitry/Sites/yii/framework/db/ar/CActiveRecord.php(227): CComponent->__call('updateFrequency', Array)
#1 /Users/Dmitry/Sites/blog/protected/models/Post.php(162): CActiveRecord->__call('updateFrequency', Array)
#2 /Users/Dmitry/Sites/blog/protected/models/Post.php(162): Tag->updateFrequency('yii, blog', '')
#3 /Users/Dmitry/Sites/yii/framework/db/ar/CActiveRecord.php(1228): Post->afterDelete()
#4 /Users/Dmitry/Sites/blog/protected/controllers/PostController.php(113): CActiveRecord->delete()
#5 /Users/Dmitry/Sites/yii/framework/web/actions/CInlineAction.php(49): PostController->actionDelete()
#6 /Users/Dmitry/Sites/yii/framework/web/CController.php(308): CInlineAction->runWithParams(Array)
#7 /Users/Dmitry/Sites/yii/framework/web/filters/CFilterChain.php(133): CController->runAction(Object(CInlineAction))
#8 /Users/Dmitry/Sites/yii/framework/web/CController.php(1116): CFilterChain->run()
#9 /Users/Dmitry/Sites/yii/framework/web/filters/CInlineFilter.php(58): CController->filterPostOnly(Object(CFilterChain))
#10 /Users/Dmitry/Sites/yii/framework/web/filters/CFilterChain.php(130): CInlineFilter->filter(Object(CFilterChain))
#11 /Users/Dmitry/Sites/yii/framework/web/filters/CFilter.php(40): CFilterChain->run()
#12 /Users/Dmitry/Sites/yii/framework/web/CController.php(1145): CFilter->filter(Object(CFilterChain))
#13 /Users/Dmitry/Sites/yii/framework/web/filters/CInlineFilter.php(58): CController->filterAccessControl(Object(CFilterChain))
#14 /Users/Dmitry/Sites/yii/framework/web/filters/CFilterChain.php(130): CInlineFilter->filter(Object(CFilterChain))
#15 /Users/Dmitry/Sites/yii/framework/web/CController.php(291): CFilterChain->run()
#16 /Users/Dmitry/Sites/yii/framework/web/CController.php(265): CController->runActionWithFilters(Object(CInlineAction), Array)
#17 /Users/Dmitry/Sites/yii/framework/web/CWebApplication.php(282): CController->run('delete')
#18 /Users/Dmitry/Sites/yii/framework/web/CWebApplication.php(141): CWebApplication->runController('post/delete')
#19 /Users/Dmitry/Sites/yii/framework/base/CApplication.php(184): CWebApplication->processRequest()
#20 /Users/Dmitry/Sites/blog/index.php(14): CApplication->run()
#21 {main}
REQUEST_URI=/blog/index.php?r=post/delete&id=1
HTTP_REFERER=http://localhost/blog/index.php?r=post/view&id=1
---
2015/05/03 11:06:18 [error] [exception.CHttpException.404] exception 'CHttpException' with message '   .' in /Users/Dmitry/Sites/blog/protected/controllers/PostController.php:180
Stack trace:
#0 /Users/Dmitry/Sites/blog/protected/controllers/PostController.php(49): PostController->loadModel()
#1 [internal function]: PostController->actionView('1')
#2 /Users/Dmitry/Sites/yii/framework/web/actions/CAction.php(109): ReflectionMethod->invokeArgs(Object(PostController), Array)
#3 /Users/Dmitry/Sites/yii/framework/web/actions/CInlineAction.php(47): CAction->runWithParamsInternal(Object(PostController), Object(ReflectionMethod), Array)
#4 /Users/Dmitry/Sites/yii/framework/web/CController.php(308): CInlineAction->runWithParams(Array)
#5 /Users/Dmitry/Sites/yii/framework/web/filters/CFilterChain.php(133): CController->runAction(Object(CInlineAction))
#6 /Users/Dmitry/Sites/yii/framework/web/filters/CFilter.php(40): CFilterChain->run()
#7 /Users/Dmitry/Sites/yii/framework/web/CController.php(1145): CFilter->filter(Object(CFilterChain))
#8 /Users/Dmitry/Sites/yii/framework/web/filters/CInlineFilter.php(58): CController->filterAccessControl(Object(CFilterChain))
#9 /Users/Dmitry/Sites/yii/framework/web/filters/CFilterChain.php(130): CInlineFilter->filter(Object(CFilterChain))
#10 /Users/Dmitry/Sites/yii/framework/web/CController.php(291): CFilterChain->run()
#11 /Users/Dmitry/Sites/yii/framework/web/CController.php(265): CController->runActionWithFilters(Object(CInlineAction), Array)
#12 /Users/Dmitry/Sites/yii/framework/web/CWebApplication.php(282): CController->run('view')
#13 /Users/Dmitry/Sites/yii/framework/web/CWebApplication.php(141): CWebApplication->runController('post/view')
#14 /Users/Dmitry/Sites/yii/framework/base/CApplication.php(184): CWebApplication->processRequest()
#15 /Users/Dmitry/Sites/blog/index.php(14): CApplication->run()
#16 {main}
REQUEST_URI=/blog/index.php?r=post/view&id=1
HTTP_REFERER=http://localhost/blog/index.php?r=post
---
2015/05/03 11:06:58 [error] [exception.CException] exception 'CException' with message 'Tag and its behaviors do not have a method or closure named "updateFrequency".' in /Users/Dmitry/Sites/yii/framework/base/CComponent.php:266
Stack trace:
#0 /Users/Dmitry/Sites/yii/framework/db/ar/CActiveRecord.php(227): CComponent->__call('updateFrequency', Array)
#1 /Users/Dmitry/Sites/blog/protected/models/Post.php(162): CActiveRecord->__call('updateFrequency', Array)
#2 /Users/Dmitry/Sites/blog/protected/models/Post.php(162): Tag->updateFrequency('erfbrgb, asdfs', '')
#3 /Users/Dmitry/Sites/yii/framework/db/ar/CActiveRecord.php(1228): Post->afterDelete()
#4 /Users/Dmitry/Sites/blog/protected/controllers/PostController.php(113): CActiveRecord->delete()
#5 /Users/Dmitry/Sites/yii/framework/web/actions/CInlineAction.php(49): PostController->actionDelete()
#6 /Users/Dmitry/Sites/yii/framework/web/CController.php(308): CInlineAction->runWithParams(Array)
#7 /Users/Dmitry/Sites/yii/framework/web/filters/CFilterChain.php(133): CController->runAction(Object(CInlineAction))
#8 /Users/Dmitry/Sites/yii/framework/web/CController.php(1116): CFilterChain->run()
#9 /Users/Dmitry/Sites/yii/framework/web/filters/CInlineFilter.php(58): CController->filterPostOnly(Object(CFilterChain))
#10 /Users/Dmitry/Sites/yii/framework/web/filters/CFilterChain.php(130): CInlineFilter->filter(Object(CFilterChain))
#11 /Users/Dmitry/Sites/yii/framework/web/filters/CFilter.php(40): CFilterChain->run()
#12 /Users/Dmitry/Sites/yii/framework/web/CController.php(1145): CFilter->filter(Object(CFilterChain))
#13 /Users/Dmitry/Sites/yii/framework/web/filters/CInlineFilter.php(58): CController->filterAccessControl(Object(CFilterChain))
#14 /Users/Dmitry/Sites/yii/framework/web/filters/CFilterChain.php(130): CInlineFilter->filter(Object(CFilterChain))
#15 /Users/Dmitry/Sites/yii/framework/web/CController.php(291): CFilterChain->run()
#16 /Users/Dmitry/Sites/yii/framework/web/CController.php(265): CController->runActionWithFilters(Object(CInlineAction), Array)
#17 /Users/Dmitry/Sites/yii/framework/web/CWebApplication.php(282): CController->run('delete')
#18 /Users/Dmitry/Sites/yii/framework/web/CWebApplication.php(141): CWebApplication->runController('post/delete')
#19 /Users/Dmitry/Sites/yii/framework/base/CApplication.php(184): CWebApplication->processRequest()
#20 /Users/Dmitry/Sites/blog/index.php(14): CApplication->run()
#21 {main}
REQUEST_URI=/blog/index.php?r=post/delete&id=13
HTTP_REFERER=http://localhost/blog/index.php?r=post/view&id=13
---
2015/05/03 11:07:43 [error] [exception.CHttpException.404] exception 'CHttpException' with message '   .' in /Users/Dmitry/Sites/blog/protected/controllers/PostController.php:180
Stack trace:
#0 /Users/Dmitry/Sites/blog/protected/controllers/PostController.php(49): PostController->loadModel()
#1 [internal function]: PostController->actionView('13')
#2 /Users/Dmitry/Sites/yii/framework/web/actions/CAction.php(109): ReflectionMethod->invokeArgs(Object(PostController), Array)
#3 /Users/Dmitry/Sites/yii/framework/web/actions/CInlineAction.php(47): CAction->runWithParamsInternal(Object(PostController), Object(ReflectionMethod), Array)
#4 /Users/Dmitry/Sites/yii/framework/web/CController.php(308): CInlineAction->runWithParams(Array)
#5 /Users/Dmitry/Sites/yii/framework/web/filters/CFilterChain.php(133): CController->runAction(Object(CInlineAction))
#6 /Users/Dmitry/Sites/yii/framework/web/filters/CFilter.php(40): CFilterChain->run()
#7 /Users/Dmitry/Sites/yii/framework/web/CController.php(1145): CFilter->filter(Object(CFilterChain))
#8 /Users/Dmitry/Sites/yii/framework/web/filters/CInlineFilter.php(58): CController->filterAccessControl(Object(CFilterChain))
#9 /Users/Dmitry/Sites/yii/framework/web/filters/CFilterChain.php(130): CInlineFilter->filter(Object(CFilterChain))
#10 /Users/Dmitry/Sites/yii/framework/web/CController.php(291): CFilterChain->run()
#11 /Users/Dmitry/Sites/yii/framework/web/CController.php(265): CController->runActionWithFilters(Object(CInlineAction), Array)
#12 /Users/Dmitry/Sites/yii/framework/web/CWebApplication.php(282): CController->run('view')
#13 /Users/Dmitry/Sites/yii/framework/web/CWebApplication.php(141): CWebApplication->runController('post/view')
#14 /Users/Dmitry/Sites/yii/framework/base/CApplication.php(184): CWebApplication->processRequest()
#15 /Users/Dmitry/Sites/blog/index.php(14): CApplication->run()
#16 {main}
REQUEST_URI=/blog/index.php?r=post/view&id=13
HTTP_REFERER=http://localhost/blog/index.php?r=post/index
---
2015/05/03 11:10:30 [error] [exception.CHttpException.404] exception 'CHttpException' with message 'Unable to resolve the request "admin".' in /Users/Dmitry/Sites/yii/framework/web/CWebApplication.php:286
Stack trace:
#0 /Users/Dmitry/Sites/yii/framework/web/CWebApplication.php(141): CWebApplication->runController('admin')
#1 /Users/Dmitry/Sites/yii/framework/base/CApplication.php(184): CWebApplication->processRequest()
#2 /Users/Dmitry/Sites/blog/index.php(14): CApplication->run()
#3 {main}
REQUEST_URI=/blog/index.php?r=admin
---
2015/05/03 11:15:07 [error] [exception.CException] exception 'CException' with message 'Tag and its behaviors do not have a method or closure named "updateFrequency".' in /Users/Dmitry/Sites/yii/framework/base/CComponent.php:266
Stack trace:
#0 /Users/Dmitry/Sites/yii/framework/db/ar/CActiveRecord.php(227): CComponent->__call('updateFrequency', Array)
#1 /Users/Dmitry/Sites/blog/protected/models/Post.php(162): CActiveRecord->__call('updateFrequency', Array)
#2 /Users/Dmitry/Sites/blog/protected/models/Post.php(162): Tag->updateFrequency('erfbrgb, asdfs', '')
#3 /Users/Dmitry/Sites/yii/framework/db/ar/CActiveRecord.php(1228): Post->afterDelete()
#4 /Users/Dmitry/Sites/blog/protected/controllers/PostController.php(113): CActiveRecord->delete()
#5 /Users/Dmitry/Sites/yii/framework/web/actions/CInlineAction.php(49): PostController->actionDelete()
#6 /Users/Dmitry/Sites/yii/framework/web/CController.php(308): CInlineAction->runWithParams(Array)
#7 /Users/Dmitry/Sites/yii/framework/web/filters/CFilterChain.php(133): CController->runAction(Object(CInlineAction))
#8 /Users/Dmitry/Sites/yii/framework/web/CController.php(1116): CFilterChain->run()
#9 /Users/Dmitry/Sites/yii/framework/web/filters/CInlineFilter.php(58): CController->filterPostOnly(Object(CFilterChain))
#10 /Users/Dmitry/Sites/yii/framework/web/filters/CFilterChain.php(130): CInlineFilter->filter(Object(CFilterChain))
#11 /Users/Dmitry/Sites/yii/framework/web/filters/CFilter.php(40): CFilterChain->run()
#12 /Users/Dmitry/Sites/yii/framework/web/CController.php(1145): CFilter->filter(Object(CFilterChain))
#13 /Users/Dmitry/Sites/yii/framework/web/filters/CInlineFilter.php(58): CController->filterAccessControl(Object(CFilterChain))
#14 /Users/Dmitry/Sites/yii/framework/web/filters/CFilterChain.php(130): CInlineFilter->filter(Object(CFilterChain))
#15 /Users/Dmitry/Sites/yii/framework/web/CController.php(291): CFilterChain->run()
#16 /Users/Dmitry/Sites/yii/framework/web/CController.php(265): CController->runActionWithFilters(Object(CInlineAction), Array)
#17 /Users/Dmitry/Sites/yii/framework/web/CWebApplication.php(282): CController->run('delete')
#18 /Users/Dmitry/Sites/yii/framework/web/CWebApplication.php(141): CWebApplication->runController('post/delete')
#19 /Users/Dmitry/Sites/yii/framework/base/CApplication.php(184): CWebApplication->processRequest()
#20 /Users/Dmitry/Sites/blog/index.php(14): CApplication->run()
#21 {main}
REQUEST_URI=/blog/index.php?r=post/delete&id=11
HTTP_REFERER=http://localhost/blog/index.php?r=post/view&id=11&title=frgnfb
---
2015/05/03 11:15:12 [error] [exception.CHttpException.404] exception 'CHttpException' with message '   .' in /Users/Dmitry/Sites/blog/protected/controllers/PostController.php:187
Stack trace:
#0 /Users/Dmitry/Sites/blog/protected/controllers/PostController.php(49): PostController->loadModel()
#1 [internal function]: PostController->actionView('11')
#2 /Users/Dmitry/Sites/yii/framework/web/actions/CAction.php(109): ReflectionMethod->invokeArgs(Object(PostController), Array)
#3 /Users/Dmitry/Sites/yii/framework/web/actions/CInlineAction.php(47): CAction->runWithParamsInternal(Object(PostController), Object(ReflectionMethod), Array)
#4 /Users/Dmitry/Sites/yii/framework/web/CController.php(308): CInlineAction->runWithParams(Array)
#5 /Users/Dmitry/Sites/yii/framework/web/filters/CFilterChain.php(133): CController->runAction(Object(CInlineAction))
#6 /Users/Dmitry/Sites/yii/framework/web/filters/CFilter.php(40): CFilterChain->run()
#7 /Users/Dmitry/Sites/yii/framework/web/CController.php(1145): CFilter->filter(Object(CFilterChain))
#8 /Users/Dmitry/Sites/yii/framework/web/filters/CInlineFilter.php(58): CController->filterAccessControl(Object(CFilterChain))
#9 /Users/Dmitry/Sites/yii/framework/web/filters/CFilterChain.php(130): CInlineFilter->filter(Object(CFilterChain))
#10 /Users/Dmitry/Sites/yii/framework/web/CController.php(291): CFilterChain->run()
#11 /Users/Dmitry/Sites/yii/framework/web/CController.php(265): CController->runActionWithFilters(Object(CInlineAction), Array)
#12 /Users/Dmitry/Sites/yii/framework/web/CWebApplication.php(282): CController->run('view')
#13 /Users/Dmitry/Sites/yii/framework/web/CWebApplication.php(141): CWebApplication->runController('post/view')
#14 /Users/Dmitry/Sites/yii/framework/base/CApplication.php(184): CWebApplication->processRequest()
#15 /Users/Dmitry/Sites/blog/index.php(14): CApplication->run()
#16 {main}
REQUEST_URI=/blog/index.php?r=post/view&id=11&title=frgnfb
HTTP_REFERER=http://localhost/blog/index.php?r=post/admin
---
2015/05/03 11:15:27 [error] [exception.CException] exception 'CException' with message 'Tag and its behaviors do not have a method or closure named "updateFrequency".' in /Users/Dmitry/Sites/yii/framework/base/CComponent.php:266
Stack trace:
#0 /Users/Dmitry/Sites/yii/framework/db/ar/CActiveRecord.php(227): CComponent->__call('updateFrequency', Array)
#1 /Users/Dmitry/Sites/blog/protected/models/Post.php(162): CActiveRecord->__call('updateFrequency', Array)
#2 /Users/Dmitry/Sites/blog/protected/models/Post.php(162): Tag->updateFrequency('ercerc', '')
#3 /Users/Dmitry/Sites/yii/framework/db/ar/CActiveRecord.php(1228): Post->afterDelete()
#4 /Users/Dmitry/Sites/blog/protected/controllers/PostController.php(113): CActiveRecord->delete()
#5 /Users/Dmitry/Sites/yii/framework/web/actions/CInlineAction.php(49): PostController->actionDelete()
#6 /Users/Dmitry/Sites/yii/framework/web/CController.php(308): CInlineAction->runWithParams(Array)
#7 /Users/Dmitry/Sites/yii/framework/web/filters/CFilterChain.php(133): CController->runAction(Object(CInlineAction))
#8 /Users/Dmitry/Sites/yii/framework/web/CController.php(1116): CFilterChain->run()
#9 /Users/Dmitry/Sites/yii/framework/web/filters/CInlineFilter.php(58): CController->filterPostOnly(Object(CFilterChain))
#10 /Users/Dmitry/Sites/yii/framework/web/filters/CFilterChain.php(130): CInlineFilter->filter(Object(CFilterChain))
#11 /Users/Dmitry/Sites/yii/framework/web/filters/CFilter.php(40): CFilterChain->run()
#12 /Users/Dmitry/Sites/yii/framework/web/CController.php(1145): CFilter->filter(Object(CFilterChain))
#13 /Users/Dmitry/Sites/yii/framework/web/filters/CInlineFilter.php(58): CController->filterAccessControl(Object(CFilterChain))
#14 /Users/Dmitry/Sites/yii/framework/web/filters/CFilterChain.php(130): CInlineFilter->filter(Object(CFilterChain))
#15 /Users/Dmitry/Sites/yii/framework/web/CController.php(291): CFilterChain->run()
#16 /Users/Dmitry/Sites/yii/framework/web/CController.php(265): CController->runActionWithFilters(Object(CInlineAction), Array)
#17 /Users/Dmitry/Sites/yii/framework/web/CWebApplication.php(282): CController->run('delete')
#18 /Users/Dmitry/Sites/yii/framework/web/CWebApplication.php(141): CWebApplication->runController('post/delete')
#19 /Users/Dmitry/Sites/yii/framework/base/CApplication.php(184): CWebApplication->processRequest()
#20 /Users/Dmitry/Sites/blog/index.php(14): CApplication->run()
#21 {main}
REQUEST_URI=/blog/index.php?ajax=yw0&id=5&r=post%2Fdelete
HTTP_REFERER=http://localhost/blog/index.php?r=post/admin
---
2015/05/03 11:15:34 [error] [exception.CException] exception 'CException' with message 'Tag and its behaviors do not have a method or closure named "updateFrequency".' in /Users/Dmitry/Sites/yii/framework/base/CComponent.php:266
Stack trace:
#0 /Users/Dmitry/Sites/yii/framework/db/ar/CActiveRecord.php(227): CComponent->__call('updateFrequency', Array)
#1 /Users/Dmitry/Sites/blog/protected/models/Post.php(162): CActiveRecord->__call('updateFrequency', Array)
#2 /Users/Dmitry/Sites/blog/protected/models/Post.php(162): Tag->updateFrequency('erfbrgb', '')
#3 /Users/Dmitry/Sites/yii/framework/db/ar/CActiveRecord.php(1228): Post->afterDelete()
#4 /Users/Dmitry/Sites/blog/protected/controllers/PostController.php(113): CActiveRecord->delete()
#5 /Users/Dmitry/Sites/yii/framework/web/actions/CInlineAction.php(49): PostController->actionDelete()
#6 /Users/Dmitry/Sites/yii/framework/web/CController.php(308): CInlineAction->runWithParams(Array)
#7 /Users/Dmitry/Sites/yii/framework/web/filters/CFilterChain.php(133): CController->runAction(Object(CInlineAction))
#8 /Users/Dmitry/Sites/yii/framework/web/CController.php(1116): CFilterChain->run()
#9 /Users/Dmitry/Sites/yii/framework/web/filters/CInlineFilter.php(58): CController->filterPostOnly(Object(CFilterChain))
#10 /Users/Dmitry/Sites/yii/framework/web/filters/CFilterChain.php(130): CInlineFilter->filter(Object(CFilterChain))
#11 /Users/Dmitry/Sites/yii/framework/web/filters/CFilter.php(40): CFilterChain->run()
#12 /Users/Dmitry/Sites/yii/framework/web/CController.php(1145): CFilter->filter(Object(CFilterChain))
#13 /Users/Dmitry/Sites/yii/framework/web/filters/CInlineFilter.php(58): CController->filterAccessControl(Object(CFilterChain))
#14 /Users/Dmitry/Sites/yii/framework/web/filters/CFilterChain.php(130): CInlineFilter->filter(Object(CFilterChain))
#15 /Users/Dmitry/Sites/yii/framework/web/CController.php(291): CFilterChain->run()
#16 /Users/Dmitry/Sites/yii/framework/web/CController.php(265): CController->runActionWithFilters(Object(CInlineAction), Array)
#17 /Users/Dmitry/Sites/yii/framework/web/CWebApplication.php(282): CController->run('delete')
#18 /Users/Dmitry/Sites/yii/framework/web/CWebApplication.php(141): CWebApplication->runController('post/delete')
#19 /Users/Dmitry/Sites/yii/framework/base/CApplication.php(184): CWebApplication->processRequest()
#20 /Users/Dmitry/Sites/blog/index.php(14): CApplication->run()
#21 {main}
REQUEST_URI=/blog/index.php?ajax=yw0&id=8&r=post%2Fdelete
HTTP_REFERER=http://localhost/blog/index.php?r=post/admin
---
2015/05/03 11:15:39 [error] [exception.CException] exception 'CException' with message 'Tag and its behaviors do not have a method or closure named "updateFrequency".' in /Users/Dmitry/Sites/yii/framework/base/CComponent.php:266
Stack trace:
#0 /Users/Dmitry/Sites/yii/framework/db/ar/CActiveRecord.php(227): CComponent->__call('updateFrequency', Array)
#1 /Users/Dmitry/Sites/blog/protected/models/Post.php(162): CActiveRecord->__call('updateFrequency', Array)
#2 /Users/Dmitry/Sites/blog/protected/models/Post.php(162): Tag->updateFrequency('erfbrgb', '')
#3 /Users/Dmitry/Sites/yii/framework/db/ar/CActiveRecord.php(1228): Post->afterDelete()
#4 /Users/Dmitry/Sites/blog/protected/controllers/PostController.php(113): CActiveRecord->delete()
#5 /Users/Dmitry/Sites/yii/framework/web/actions/CInlineAction.php(49): PostController->actionDelete()
#6 /Users/Dmitry/Sites/yii/framework/web/CController.php(308): CInlineAction->runWithParams(Array)
#7 /Users/Dmitry/Sites/yii/framework/web/filters/CFilterChain.php(133): CController->runAction(Object(CInlineAction))
#8 /Users/Dmitry/Sites/yii/framework/web/CController.php(1116): CFilterChain->run()
#9 /Users/Dmitry/Sites/yii/framework/web/filters/CInlineFilter.php(58): CController->filterPostOnly(Object(CFilterChain))
#10 /Users/Dmitry/Sites/yii/framework/web/filters/CFilterChain.php(130): CInlineFilter->filter(Object(CFilterChain))
#11 /Users/Dmitry/Sites/yii/framework/web/filters/CFilter.php(40): CFilterChain->run()
#12 /Users/Dmitry/Sites/yii/framework/web/CController.php(1145): CFilter->filter(Object(CFilterChain))
#13 /Users/Dmitry/Sites/yii/framework/web/filters/CInlineFilter.php(58): CController->filterAccessControl(Object(CFilterChain))
#14 /Users/Dmitry/Sites/yii/framework/web/filters/CFilterChain.php(130): CInlineFilter->filter(Object(CFilterChain))
#15 /Users/Dmitry/Sites/yii/framework/web/CController.php(291): CFilterChain->run()
#16 /Users/Dmitry/Sites/yii/framework/web/CController.php(265): CController->runActionWithFilters(Object(CInlineAction), Array)
#17 /Users/Dmitry/Sites/yii/framework/web/CWebApplication.php(282): CController->run('delete')
#18 /Users/Dmitry/Sites/yii/framework/web/CWebApplication.php(141): CWebApplication->runController('post/delete')
#19 /Users/Dmitry/Sites/yii/framework/base/CApplication.php(184): CWebApplication->processRequest()
#20 /Users/Dmitry/Sites/blog/index.php(14): CApplication->run()
#21 {main}
REQUEST_URI=/blog/index.php?ajax=yw0&id=10&r=post%2Fdelete
HTTP_REFERER=http://localhost/blog/index.php?r=post/admin
---
2015/05/03 11:15:46 [error] [exception.CException] exception 'CException' with message 'Tag and its behaviors do not have a method or closure named "updateFrequency".' in /Users/Dmitry/Sites/yii/framework/base/CComponent.php:266
Stack trace:
#0 /Users/Dmitry/Sites/yii/framework/db/ar/CActiveRecord.php(227): CComponent->__call('updateFrequency', Array)
#1 /Users/Dmitry/Sites/blog/protected/models/Post.php(162): CActiveRecord->__call('updateFrequency', Array)
#2 /Users/Dmitry/Sites/blog/protected/models/Post.php(162): Tag->updateFrequency('erfbrgb', '')
#3 /Users/Dmitry/Sites/yii/framework/db/ar/CActiveRecord.php(1228): Post->afterDelete()
#4 /Users/Dmitry/Sites/blog/protected/controllers/PostController.php(113): CActiveRecord->delete()
#5 /Users/Dmitry/Sites/yii/framework/web/actions/CInlineAction.php(49): PostController->actionDelete()
#6 /Users/Dmitry/Sites/yii/framework/web/CController.php(308): CInlineAction->runWithParams(Array)
#7 /Users/Dmitry/Sites/yii/framework/web/filters/CFilterChain.php(133): CController->runAction(Object(CInlineAction))
#8 /Users/Dmitry/Sites/yii/framework/web/CController.php(1116): CFilterChain->run()
#9 /Users/Dmitry/Sites/yii/framework/web/filters/CInlineFilter.php(58): CController->filterPostOnly(Object(CFilterChain))
#10 /Users/Dmitry/Sites/yii/framework/web/filters/CFilterChain.php(130): CInlineFilter->filter(Object(CFilterChain))
#11 /Users/Dmitry/Sites/yii/framework/web/filters/CFilter.php(40): CFilterChain->run()
#12 /Users/Dmitry/Sites/yii/framework/web/CController.php(1145): CFilter->filter(Object(CFilterChain))
#13 /Users/Dmitry/Sites/yii/framework/web/filters/CInlineFilter.php(58): CController->filterAccessControl(Object(CFilterChain))
#14 /Users/Dmitry/Sites/yii/framework/web/filters/CFilterChain.php(130): CInlineFilter->filter(Object(CFilterChain))
#15 /Users/Dmitry/Sites/yii/framework/web/CController.php(291): CFilterChain->run()
#16 /Users/Dmitry/Sites/yii/framework/web/CController.php(265): CController->runActionWithFilters(Object(CInlineAction), Array)
#17 /Users/Dmitry/Sites/yii/framework/web/CWebApplication.php(282): CController->run('delete')
#18 /Users/Dmitry/Sites/yii/framework/web/CWebApplication.php(141): CWebApplication->runController('post/delete')
#19 /Users/Dmitry/Sites/yii/framework/base/CApplication.php(184): CWebApplication->processRequest()
#20 /Users/Dmitry/Sites/blog/index.php(14): CApplication->run()
#21 {main}
REQUEST_URI=/blog/index.php?ajax=yw0&id=7&r=post%2Fdelete
HTTP_REFERER=http://localhost/blog/index.php?r=post/admin
---
2015/05/03 11:16:08 [error] [exception.CException] exception 'CException' with message 'Tag and its behaviors do not have a method or closure named "updateFrequency".' in /Users/Dmitry/Sites/yii/framework/base/CComponent.php:266
Stack trace:
#0 /Users/Dmitry/Sites/yii/framework/db/ar/CActiveRecord.php(227): CComponent->__call('updateFrequency', Array)
#1 /Users/Dmitry/Sites/blog/protected/models/Post.php(162): CActiveRecord->__call('updateFrequency', Array)
#2 /Users/Dmitry/Sites/blog/protected/models/Post.php(162): Tag->updateFrequency('erfbrgb', '')
#3 /Users/Dmitry/Sites/yii/framework/db/ar/CActiveRecord.php(1228): Post->afterDelete()
#4 /Users/Dmitry/Sites/blog/protected/controllers/PostController.php(113): CActiveRecord->delete()
#5 /Users/Dmitry/Sites/yii/framework/web/actions/CInlineAction.php(49): PostController->actionDelete()
#6 /Users/Dmitry/Sites/yii/framework/web/CController.php(308): CInlineAction->runWithParams(Array)
#7 /Users/Dmitry/Sites/yii/framework/web/filters/CFilterChain.php(133): CController->runAction(Object(CInlineAction))
#8 /Users/Dmitry/Sites/yii/framework/web/CController.php(1116): CFilterChain->run()
#9 /Users/Dmitry/Sites/yii/framework/web/filters/CInlineFilter.php(58): CController->filterPostOnly(Object(CFilterChain))
#10 /Users/Dmitry/Sites/yii/framework/web/filters/CFilterChain.php(130): CInlineFilter->filter(Object(CFilterChain))
#11 /Users/Dmitry/Sites/yii/framework/web/filters/CFilter.php(40): CFilterChain->run()
#12 /Users/Dmitry/Sites/yii/framework/web/CController.php(1145): CFilter->filter(Object(CFilterChain))
#13 /Users/Dmitry/Sites/yii/framework/web/filters/CInlineFilter.php(58): CController->filterAccessControl(Object(CFilterChain))
#14 /Users/Dmitry/Sites/yii/framework/web/filters/CFilterChain.php(130): CInlineFilter->filter(Object(CFilterChain))
#15 /Users/Dmitry/Sites/yii/framework/web/CController.php(291): CFilterChain->run()
#16 /Users/Dmitry/Sites/yii/framework/web/CController.php(265): CController->runActionWithFilters(Object(CInlineAction), Array)
#17 /Users/Dmitry/Sites/yii/framework/web/CWebApplication.php(282): CController->run('delete')
#18 /Users/Dmitry/Sites/yii/framework/web/CWebApplication.php(141): CWebApplication->runController('post/delete')
#19 /Users/Dmitry/Sites/yii/framework/base/CApplication.php(184): CWebApplication->processRequest()
#20 /Users/Dmitry/Sites/blog/index.php(14): CApplication->run()
#21 {main}
REQUEST_URI=/blog/index.php?ajax=yw0&id=9&r=post%2Fdelete
HTTP_REFERER=http://localhost/blog/index.php?r=post/admin
---
2015/05/03 11:16:23 [error] [exception.CException] exception 'CException' with message 'Tag and its behaviors do not have a method or closure named "updateFrequency".' in /Users/Dmitry/Sites/yii/framework/base/CComponent.php:266
Stack trace:
#0 /Users/Dmitry/Sites/yii/framework/db/ar/CActiveRecord.php(227): CComponent->__call('updateFrequency', Array)
#1 /Users/Dmitry/Sites/blog/protected/models/Post.php(162): CActiveRecord->__call('updateFrequency', Array)
#2 /Users/Dmitry/Sites/blog/protected/models/Post.php(162): Tag->updateFrequency('erfbrgb', '')
#3 /Users/Dmitry/Sites/yii/framework/db/ar/CActiveRecord.php(1228): Post->afterDelete()
#4 /Users/Dmitry/Sites/blog/protected/controllers/PostController.php(113): CActiveRecord->delete()
#5 /Users/Dmitry/Sites/yii/framework/web/actions/CInlineAction.php(49): PostController->actionDelete()
#6 /Users/Dmitry/Sites/yii/framework/web/CController.php(308): CInlineAction->runWithParams(Array)
#7 /Users/Dmitry/Sites/yii/framework/web/filters/CFilterChain.php(133): CController->runAction(Object(CInlineAction))
#8 /Users/Dmitry/Sites/yii/framework/web/CController.php(1116): CFilterChain->run()
#9 /Users/Dmitry/Sites/yii/framework/web/filters/CInlineFilter.php(58): CController->filterPostOnly(Object(CFilterChain))
#10 /Users/Dmitry/Sites/yii/framework/web/filters/CFilterChain.php(130): CInlineFilter->filter(Object(CFilterChain))
#11 /Users/Dmitry/Sites/yii/framework/web/filters/CFilter.php(40): CFilterChain->run()
#12 /Users/Dmitry/Sites/yii/framework/web/CController.php(1145): CFilter->filter(Object(CFilterChain))
#13 /Users/Dmitry/Sites/yii/framework/web/filters/CInlineFilter.php(58): CController->filterAccessControl(Object(CFilterChain))
#14 /Users/Dmitry/Sites/yii/framework/web/filters/CFilterChain.php(130): CInlineFilter->filter(Object(CFilterChain))
#15 /Users/Dmitry/Sites/yii/framework/web/CController.php(291): CFilterChain->run()
#16 /Users/Dmitry/Sites/yii/framework/web/CController.php(265): CController->runActionWithFilters(Object(CInlineAction), Array)
#17 /Users/Dmitry/Sites/yii/framework/web/CWebApplication.php(282): CController->run('delete')
#18 /Users/Dmitry/Sites/yii/framework/web/CWebApplication.php(141): CWebApplication->runController('post/delete')
#19 /Users/Dmitry/Sites/yii/framework/base/CApplication.php(184): CWebApplication->processRequest()
#20 /Users/Dmitry/Sites/blog/index.php(14): CApplication->run()
#21 {main}
REQUEST_URI=/blog/index.php?r=post/delete&id=6
HTTP_REFERER=http://localhost/blog/index.php?r=post/view&id=6
---
2015/05/03 12:01:56 [warning] [application] Failed to set unsafe attribute "status" of "Comment".
in /Users/Dmitry/Sites/blog/protected/controllers/CommentController.php (72)
in /Users/Dmitry/Sites/blog/index.php (14)
2015/05/03 12:01:56 [warning] [application] Failed to set unsafe attribute "create_time" of "Comment".
in /Users/Dmitry/Sites/blog/protected/controllers/CommentController.php (72)
in /Users/Dmitry/Sites/blog/index.php (14)
2015/05/03 12:01:56 [warning] [application] Failed to set unsafe attribute "post_id" of "Comment".
in /Users/Dmitry/Sites/blog/protected/controllers/CommentController.php (72)
in /Users/Dmitry/Sites/blog/index.php (14)
2015/05/03 12:02:07 [warning] [application] Failed to set unsafe attribute "status" of "Comment".
in /Users/Dmitry/Sites/blog/protected/controllers/CommentController.php (72)
in /Users/Dmitry/Sites/blog/index.php (14)
2015/05/03 12:02:07 [warning] [application] Failed to set unsafe attribute "create_time" of "Comment".
in /Users/Dmitry/Sites/blog/protected/controllers/CommentController.php (72)
in /Users/Dmitry/Sites/blog/index.php (14)
2015/05/03 12:02:07 [warning] [application] Failed to set unsafe attribute "post_id" of "Comment".
in /Users/Dmitry/Sites/blog/protected/controllers/CommentController.php (72)
in /Users/Dmitry/Sites/blog/index.php (14)
2015/05/03 12:02:17 [warning] [application] Failed to set unsafe attribute "status" of "Comment".
in /Users/Dmitry/Sites/blog/protected/controllers/CommentController.php (72)
in /Users/Dmitry/Sites/blog/index.php (14)
2015/05/03 12:02:17 [warning] [application] Failed to set unsafe attribute "create_time" of "Comment".
in /Users/Dmitry/Sites/blog/protected/controllers/CommentController.php (72)
in /Users/Dmitry/Sites/blog/index.php (14)
2015/05/03 12:02:17 [warning] [application] Failed to set unsafe attribute "post_id" of "Comment".
in /Users/Dmitry/Sites/blog/protected/controllers/CommentController.php (72)
in /Users/Dmitry/Sites/blog/index.php (14)
2015/05/03 12:02:28 [warning] [application] Failed to set unsafe attribute "status" of "Comment".
in /Users/Dmitry/Sites/blog/protected/controllers/CommentController.php (72)
in /Users/Dmitry/Sites/blog/index.php (14)
2015/05/03 12:02:28 [warning] [application] Failed to set unsafe attribute "create_time" of "Comment".
in /Users/Dmitry/Sites/blog/protected/controllers/CommentController.php (72)
in /Users/Dmitry/Sites/blog/index.php (14)
2015/05/03 12:02:28 [warning] [application] Failed to set unsafe attribute "post_id" of "Comment".
in /Users/Dmitry/Sites/blog/protected/controllers/CommentController.php (72)
in /Users/Dmitry/Sites/blog/index.php (14)
2015/05/03 12:02:40 [warning] [application] Failed to set unsafe attribute "status" of "Comment".
in /Users/Dmitry/Sites/blog/protected/controllers/CommentController.php (72)
in /Users/Dmitry/Sites/blog/index.php (14)
2015/05/03 12:02:40 [warning] [application] Failed to set unsafe attribute "create_time" of "Comment".
in /Users/Dmitry/Sites/blog/protected/controllers/CommentController.php (72)
in /Users/Dmitry/Sites/blog/index.php (14)
2015/05/03 12:02:40 [warning] [application] Failed to set unsafe attribute "post_id" of "Comment".
in /Users/Dmitry/Sites/blog/protected/controllers/CommentController.php (72)
in /Users/Dmitry/Sites/blog/index.php (14)
2015/05/03 12:02:58 [warning] [application] Failed to set unsafe attribute "status" of "Comment".
in /Users/Dmitry/Sites/blog/protected/controllers/CommentController.php (72)
in /Users/Dmitry/Sites/blog/index.php (14)
2015/05/03 12:02:58 [warning] [application] Failed to set unsafe attribute "create_time" of "Comment".
in /Users/Dmitry/Sites/blog/protected/controllers/CommentController.php (72)
in /Users/Dmitry/Sites/blog/index.php (14)
2015/05/03 12:02:58 [warning] [application] Failed to set unsafe attribute "post_id" of "Comment".
in /Users/Dmitry/Sites/blog/protected/controllers/CommentController.php (72)
in /Users/Dmitry/Sites/blog/index.php (14)
2015/05/03 12:04:00 [error] [exception.CException] exception 'CException' with message 'Tag and its behaviors do not have a method or closure named "updateFrequency".' in /Users/Dmitry/Sites/yii/framework/base/CComponent.php:266
Stack trace:
#0 /Users/Dmitry/Sites/yii/framework/db/ar/CActiveRecord.php(227): CComponent->__call('updateFrequency', Array)
#1 /Users/Dmitry/Sites/blog/protected/models/Post.php(162): CActiveRecord->__call('updateFrequency', Array)
#2 /Users/Dmitry/Sites/blog/protected/models/Post.php(162): Tag->updateFrequency('fefe', '')
#3 /Users/Dmitry/Sites/yii/framework/db/ar/CActiveRecord.php(1228): Post->afterDelete()
#4 /Users/Dmitry/Sites/blog/protected/controllers/PostController.php(113): CActiveRecord->delete()
#5 /Users/Dmitry/Sites/yii/framework/web/actions/CInlineAction.php(49): PostController->actionDelete()
#6 /Users/Dmitry/Sites/yii/framework/web/CController.php(308): CInlineAction->runWithParams(Array)
#7 /Users/Dmitry/Sites/yii/framework/web/filters/CFilterChain.php(133): CController->runAction(Object(CInlineAction))
#8 /Users/Dmitry/Sites/yii/framework/web/CController.php(1116): CFilterChain->run()
#9 /Users/Dmitry/Sites/yii/framework/web/filters/CInlineFilter.php(58): CController->filterPostOnly(Object(CFilterChain))
#10 /Users/Dmitry/Sites/yii/framework/web/filters/CFilterChain.php(130): CInlineFilter->filter(Object(CFilterChain))
#11 /Users/Dmitry/Sites/yii/framework/web/filters/CFilter.php(40): CFilterChain->run()
#12 /Users/Dmitry/Sites/yii/framework/web/CController.php(1145): CFilter->filter(Object(CFilterChain))
#13 /Users/Dmitry/Sites/yii/framework/web/filters/CInlineFilter.php(58): CController->filterAccessControl(Object(CFilterChain))
#14 /Users/Dmitry/Sites/yii/framework/web/filters/CFilterChain.php(130): CInlineFilter->filter(Object(CFilterChain))
#15 /Users/Dmitry/Sites/yii/framework/web/CController.php(291): CFilterChain->run()
#16 /Users/Dmitry/Sites/yii/framework/web/CController.php(265): CController->runActionWithFilters(Object(CInlineAction), Array)
#17 /Users/Dmitry/Sites/yii/framework/web/CWebApplication.php(282): CController->run('delete')
#18 /Users/Dmitry/Sites/yii/framework/web/CWebApplication.php(141): CWebApplication->runController('post/delete')
#19 /Users/Dmitry/Sites/yii/framework/base/CApplication.php(184): CWebApplication->processRequest()
#20 /Users/Dmitry/Sites/blog/index.php(14): CApplication->run()
#21 {main}
REQUEST_URI=/blog/index.php?r=post/delete&id=15
HTTP_REFERER=http://localhost/blog/index.php?r=post/view&id=15
---
